{"/Users/paulgilchrist/Source/dnd-char-sheet/src/components/character-creation/character-creation-wizard.jsx": {"path":"/Users/paulgilchrist/Source/dnd-char-sheet/src/components/character-creation/character-creation-wizard.jsx","statementMap":{"0":{"start":{"line":30,"column":4},"end":{"line":31,"column":46}},"1":{"start":{"line":34,"column":18},"end":{"line":34,"column":70}},"2":{"start":{"line":43,"column":4},"end":{"line":44,"column":29}},"3":{"start":{"line":52,"column":4},"end":{"line":53,"column":90}},"4":{"start":{"line":60,"column":4},"end":{"line":61,"column":45}},"5":{"start":{"line":69,"column":4},"end":{"line":70,"column":35}},"6":{"start":{"line":75,"column":4},"end":{"line":76,"column":50}},"7":{"start":{"line":80,"column":4},"end":{"line":81,"column":44}},"8":{"start":{"line":86,"column":4},"end":{"line":87,"column":35}},"9":{"start":{"line":90,"column":2},"end":{"line":90,"column":null}},"10":{"start":{"line":93,"column":8},"end":{"line":115,"column":31}},"11":{"start":{"line":94,"column":4},"end":{"line":94,"column":null}},"12":{"start":{"line":96,"column":4},"end":{"line":111,"column":null}},"13":{"start":{"line":97,"column":6},"end":{"line":103,"column":null}},"14":{"start":{"line":97,"column":27},"end":{"line":103,"column":12}},"15":{"start":{"line":105,"column":6},"end":{"line":111,"column":null}},"16":{"start":{"line":105,"column":27},"end":{"line":111,"column":12}},"17":{"start":{"line":114,"column":4},"end":{"line":114,"column":null}},"18":{"start":{"line":117,"column":8},"end":{"line":139,"column":60}},"19":{"start":{"line":118,"column":25},"end":{"line":118,"column":null}},"20":{"start":{"line":119,"column":25},"end":{"line":119,"column":null}},"21":{"start":{"line":121,"column":18},"end":{"line":121,"column":64}},"22":{"start":{"line":122,"column":10},"end":{"line":122,"column":null}},"23":{"start":{"line":122,"column":37},"end":{"line":122,"column":null}},"24":{"start":{"line":124,"column":20},"end":{"line":124,"column":47}},"25":{"start":{"line":125,"column":20},"end":{"line":125,"column":47}},"26":{"start":{"line":127,"column":30},"end":{"line":134,"column":12}},"27":{"start":{"line":128,"column":6},"end":{"line":129,"column":null}},"28":{"start":{"line":129,"column":8},"end":{"line":129,"column":null}},"29":{"start":{"line":131,"column":24},"end":{"line":131,"column":null}},"30":{"start":{"line":132,"column":19},"end":{"line":132,"column":43}},"31":{"start":{"line":133,"column":6},"end":{"line":133,"column":null}},"32":{"start":{"line":136,"column":4},"end":{"line":137,"column":null}},"33":{"start":{"line":137,"column":6},"end":{"line":137,"column":null}},"34":{"start":{"line":141,"column":8},"end":{"line":143,"column":23}},"35":{"start":{"line":142,"column":4},"end":{"line":142,"column":null}},"36":{"start":{"line":145,"column":8},"end":{"line":147,"column":23}},"37":{"start":{"line":146,"column":4},"end":{"line":146,"column":null}},"38":{"start":{"line":149,"column":8},"end":{"line":165,"column":51}},"39":{"start":{"line":150,"column":4},"end":{"line":163,"column":null}},"40":{"start":{"line":151,"column":28},"end":{"line":151,"column":57}},"41":{"start":{"line":152,"column":28},"end":{"line":152,"column":61}},"42":{"start":{"line":153,"column":34},"end":{"line":153,"column":63}},"43":{"start":{"line":155,"column":6},"end":{"line":156,"column":null}},"44":{"start":{"line":156,"column":8},"end":{"line":156,"column":null}},"45":{"start":{"line":159,"column":24},"end":{"line":161,"column":38}},"46":{"start":{"line":160,"column":39},"end":{"line":160,"column":51}},"47":{"start":{"line":162,"column":6},"end":{"line":162,"column":null}},"48":{"start":{"line":164,"column":4},"end":{"line":164,"column":null}},"49":{"start":{"line":164,"column":23},"end":{"line":164,"column":62}},"50":{"start":{"line":167,"column":8},"end":{"line":180,"column":32}},"51":{"start":{"line":168,"column":4},"end":{"line":178,"column":null}},"52":{"start":{"line":169,"column":6},"end":{"line":176,"column":null}},"53":{"start":{"line":170,"column":36},"end":{"line":170,"column":59}},"54":{"start":{"line":171,"column":32},"end":{"line":171,"column":63}},"55":{"start":{"line":172,"column":8},"end":{"line":172,"column":null}},"56":{"start":{"line":174,"column":36},"end":{"line":174,"column":59}},"57":{"start":{"line":175,"column":32},"end":{"line":175,"column":76}},"58":{"start":{"line":175,"column":64},"end":{"line":175,"column":76}},"59":{"start":{"line":176,"column":8},"end":{"line":176,"column":null}},"60":{"start":{"line":179,"column":4},"end":{"line":179,"column":null}},"61":{"start":{"line":179,"column":23},"end":{"line":179,"column":56}},"62":{"start":{"line":182,"column":8},"end":{"line":198,"column":54}},"63":{"start":{"line":183,"column":4},"end":{"line":196,"column":null}},"64":{"start":{"line":184,"column":31},"end":{"line":184,"column":51}},"65":{"start":{"line":185,"column":28},"end":{"line":185,"column":67}},"66":{"start":{"line":186,"column":34},"end":{"line":186,"column":69}},"67":{"start":{"line":188,"column":6},"end":{"line":189,"column":null}},"68":{"start":{"line":189,"column":8},"end":{"line":189,"column":null}},"69":{"start":{"line":192,"column":27},"end":{"line":194,"column":44}},"70":{"start":{"line":193,"column":42},"end":{"line":193,"column":57}},"71":{"start":{"line":195,"column":6},"end":{"line":195,"column":null}},"72":{"start":{"line":197,"column":4},"end":{"line":197,"column":null}},"73":{"start":{"line":197,"column":23},"end":{"line":197,"column":53}},"74":{"start":{"line":200,"column":8},"end":{"line":216,"column":59}},"75":{"start":{"line":201,"column":4},"end":{"line":214,"column":null}},"76":{"start":{"line":202,"column":28},"end":{"line":202,"column":60}},"77":{"start":{"line":203,"column":28},"end":{"line":203,"column":69}},"78":{"start":{"line":204,"column":34},"end":{"line":204,"column":63}},"79":{"start":{"line":206,"column":6},"end":{"line":207,"column":null}},"80":{"start":{"line":207,"column":8},"end":{"line":207,"column":null}},"81":{"start":{"line":210,"column":24},"end":{"line":212,"column":38}},"82":{"start":{"line":211,"column":39},"end":{"line":211,"column":51}},"83":{"start":{"line":213,"column":6},"end":{"line":213,"column":null}},"84":{"start":{"line":215,"column":4},"end":{"line":215,"column":null}},"85":{"start":{"line":215,"column":23},"end":{"line":215,"column":58}},"86":{"start":{"line":218,"column":8},"end":{"line":231,"column":32}},"87":{"start":{"line":219,"column":4},"end":{"line":220,"column":null}},"88":{"start":{"line":220,"column":6},"end":{"line":220,"column":null}},"89":{"start":{"line":223,"column":4},"end":{"line":229,"column":null}},"90":{"start":{"line":224,"column":33},"end":{"line":224,"column":55}},"91":{"start":{"line":225,"column":29},"end":{"line":227,"column":42}},"92":{"start":{"line":226,"column":44},"end":{"line":226,"column":55}},"93":{"start":{"line":228,"column":6},"end":{"line":228,"column":null}},"94":{"start":{"line":230,"column":4},"end":{"line":230,"column":null}},"95":{"start":{"line":230,"column":23},"end":{"line":230,"column":55}},"96":{"start":{"line":233,"column":8},"end":{"line":246,"column":32}},"97":{"start":{"line":234,"column":4},"end":{"line":235,"column":null}},"98":{"start":{"line":235,"column":6},"end":{"line":235,"column":null}},"99":{"start":{"line":238,"column":4},"end":{"line":244,"column":null}},"100":{"start":{"line":239,"column":32},"end":{"line":239,"column":53}},"101":{"start":{"line":240,"column":28},"end":{"line":242,"column":41}},"102":{"start":{"line":241,"column":43},"end":{"line":241,"column":54}},"103":{"start":{"line":243,"column":6},"end":{"line":243,"column":null}},"104":{"start":{"line":245,"column":4},"end":{"line":245,"column":null}},"105":{"start":{"line":245,"column":23},"end":{"line":245,"column":54}},"106":{"start":{"line":248,"column":8},"end":{"line":253,"column":36}},"107":{"start":{"line":249,"column":20},"end":{"line":249,"column":40}},"108":{"start":{"line":250,"column":4},"end":{"line":251,"column":null}},"109":{"start":{"line":251,"column":6},"end":{"line":251,"column":null}},"110":{"start":{"line":255,"column":8},"end":{"line":265,"column":90}},"111":{"start":{"line":256,"column":23},"end":{"line":256,"column":103}},"112":{"start":{"line":257,"column":4},"end":{"line":263,"column":null}},"113":{"start":{"line":258,"column":12},"end":{"line":258,"column":57}},"114":{"start":{"line":259,"column":6},"end":{"line":261,"column":null}},"115":{"start":{"line":260,"column":8},"end":{"line":260,"column":null}},"116":{"start":{"line":261,"column":8},"end":{"line":261,"column":null}},"117":{"start":{"line":263,"column":6},"end":{"line":263,"column":null}},"118":{"start":{"line":267,"column":8},"end":{"line":326,"column":50}},"119":{"start":{"line":268,"column":23},"end":{"line":268,"column":77}},"120":{"start":{"line":268,"column":51},"end":{"line":268,"column":77}},"121":{"start":{"line":269,"column":4},"end":{"line":270,"column":null}},"122":{"start":{"line":270,"column":8},"end":{"line":270,"column":null}},"123":{"start":{"line":273,"column":26},"end":{"line":273,"column":null}},"124":{"start":{"line":274,"column":18},"end":{"line":315,"column":8}},"125":{"start":{"line":317,"column":4},"end":{"line":317,"column":null}},"126":{"start":{"line":328,"column":8},"end":{"line":328,"column":36}},"127":{"start":{"line":330,"column":2},"end":{"line":357,"column":null}}},"fnMap":{"0":{"name":"CharacterCreationWizard","decl":{"start":{"line":18,"column":9},"end":{"line":18,"column":33}},"loc":{"start":{"line":18,"column":141},"end":{"line":357,"column":null}},"line":18},"1":{"name":"(anonymous_1)","decl":{"start":{"line":93,"column":42},"end":{"line":93,"column":49}},"loc":{"start":{"line":93,"column":64},"end":{"line":115,"column":8}},"line":93},"2":{"name":"(anonymous_2)","decl":{"start":{"line":97,"column":6},"end":{"line":97,"column":18}},"loc":{"start":{"line":97,"column":27},"end":{"line":103,"column":12}},"line":97},"3":{"name":"(anonymous_3)","decl":{"start":{"line":105,"column":6},"end":{"line":105,"column":18}},"loc":{"start":{"line":105,"column":27},"end":{"line":111,"column":12}},"line":105},"4":{"name":"(anonymous_4)","decl":{"start":{"line":117,"column":51},"end":{"line":117,"column":58}},"loc":{"start":{"line":117,"column":75},"end":{"line":139,"column":9}},"line":117},"5":{"name":"(anonymous_5)","decl":{"start":{"line":122,"column":10},"end":{"line":122,"column":27}},"loc":{"start":{"line":122,"column":37},"end":{"line":122,"column":null}},"line":122},"6":{"name":"(anonymous_6)","decl":{"start":{"line":127,"column":49},"end":{"line":127,"column":57}},"loc":{"start":{"line":127,"column":77},"end":{"line":134,"column":12}},"line":127},"7":{"name":"(anonymous_7)","decl":{"start":{"line":141,"column":41},"end":{"line":141,"column":54}},"loc":{"start":{"line":141,"column":71},"end":{"line":143,"column":8}},"line":141},"8":{"name":"(anonymous_8)","decl":{"start":{"line":145,"column":39},"end":{"line":145,"column":52}},"loc":{"start":{"line":145,"column":69},"end":{"line":147,"column":8}},"line":145},"9":{"name":"(anonymous_9)","decl":{"start":{"line":149,"column":28},"end":{"line":149,"column":41}},"loc":{"start":{"line":149,"column":51},"end":{"line":165,"column":8}},"line":149},"10":{"name":"(anonymous_10)","decl":{"start":{"line":150,"column":4},"end":{"line":150,"column":16}},"loc":{"start":{"line":150,"column":24},"end":{"line":163,"column":null}},"line":150},"11":{"name":"(anonymous_11)","decl":{"start":{"line":160,"column":27},"end":{"line":160,"column":34}},"loc":{"start":{"line":160,"column":39},"end":{"line":160,"column":51}},"line":160},"12":{"name":"(anonymous_12)","decl":{"start":{"line":164,"column":4},"end":{"line":164,"column":14}},"loc":{"start":{"line":164,"column":23},"end":{"line":164,"column":62}},"line":164},"13":{"name":"(anonymous_13)","decl":{"start":{"line":167,"column":37},"end":{"line":167,"column":50}},"loc":{"start":{"line":167,"column":70},"end":{"line":180,"column":8}},"line":167},"14":{"name":"(anonymous_14)","decl":{"start":{"line":168,"column":4},"end":{"line":168,"column":16}},"loc":{"start":{"line":168,"column":24},"end":{"line":178,"column":null}},"line":168},"15":{"name":"(anonymous_15)","decl":{"start":{"line":175,"column":52},"end":{"line":175,"column":59}},"loc":{"start":{"line":175,"column":64},"end":{"line":175,"column":76}},"line":175},"16":{"name":"(anonymous_16)","decl":{"start":{"line":179,"column":4},"end":{"line":179,"column":14}},"loc":{"start":{"line":179,"column":23},"end":{"line":179,"column":56}},"line":179},"17":{"name":"(anonymous_17)","decl":{"start":{"line":182,"column":31},"end":{"line":182,"column":44}},"loc":{"start":{"line":182,"column":57},"end":{"line":198,"column":8}},"line":182},"18":{"name":"(anonymous_18)","decl":{"start":{"line":183,"column":4},"end":{"line":183,"column":16}},"loc":{"start":{"line":183,"column":24},"end":{"line":196,"column":null}},"line":183},"19":{"name":"(anonymous_19)","decl":{"start":{"line":193,"column":30},"end":{"line":193,"column":37}},"loc":{"start":{"line":193,"column":42},"end":{"line":193,"column":57}},"line":193},"20":{"name":"(anonymous_20)","decl":{"start":{"line":197,"column":4},"end":{"line":197,"column":14}},"loc":{"start":{"line":197,"column":23},"end":{"line":197,"column":53}},"line":197},"21":{"name":"(anonymous_21)","decl":{"start":{"line":200,"column":36},"end":{"line":200,"column":49}},"loc":{"start":{"line":200,"column":59},"end":{"line":216,"column":8}},"line":200},"22":{"name":"(anonymous_22)","decl":{"start":{"line":201,"column":4},"end":{"line":201,"column":16}},"loc":{"start":{"line":201,"column":24},"end":{"line":214,"column":null}},"line":201},"23":{"name":"(anonymous_23)","decl":{"start":{"line":211,"column":27},"end":{"line":211,"column":34}},"loc":{"start":{"line":211,"column":39},"end":{"line":211,"column":51}},"line":211},"24":{"name":"(anonymous_24)","decl":{"start":{"line":215,"column":4},"end":{"line":215,"column":14}},"loc":{"start":{"line":215,"column":23},"end":{"line":215,"column":58}},"line":215},"25":{"name":"(anonymous_25)","decl":{"start":{"line":218,"column":33},"end":{"line":218,"column":46}},"loc":{"start":{"line":218,"column":70},"end":{"line":231,"column":8}},"line":218},"26":{"name":"(anonymous_26)","decl":{"start":{"line":223,"column":4},"end":{"line":223,"column":16}},"loc":{"start":{"line":223,"column":24},"end":{"line":229,"column":null}},"line":223},"27":{"name":"(anonymous_27)","decl":{"start":{"line":226,"column":32},"end":{"line":226,"column":39}},"loc":{"start":{"line":226,"column":44},"end":{"line":226,"column":55}},"line":226},"28":{"name":"(anonymous_28)","decl":{"start":{"line":230,"column":4},"end":{"line":230,"column":14}},"loc":{"start":{"line":230,"column":23},"end":{"line":230,"column":55}},"line":230},"29":{"name":"(anonymous_29)","decl":{"start":{"line":233,"column":31},"end":{"line":233,"column":44}},"loc":{"start":{"line":233,"column":68},"end":{"line":246,"column":8}},"line":233},"30":{"name":"(anonymous_30)","decl":{"start":{"line":238,"column":4},"end":{"line":238,"column":16}},"loc":{"start":{"line":238,"column":24},"end":{"line":244,"column":null}},"line":238},"31":{"name":"(anonymous_31)","decl":{"start":{"line":241,"column":31},"end":{"line":241,"column":38}},"loc":{"start":{"line":241,"column":43},"end":{"line":241,"column":54}},"line":241},"32":{"name":"(anonymous_32)","decl":{"start":{"line":245,"column":4},"end":{"line":245,"column":14}},"loc":{"start":{"line":245,"column":23},"end":{"line":245,"column":54}},"line":245},"33":{"name":"(anonymous_33)","decl":{"start":{"line":248,"column":33},"end":{"line":248,"column":45}},"loc":{"start":{"line":248,"column":45},"end":{"line":253,"column":9}},"line":248},"34":{"name":"(anonymous_34)","decl":{"start":{"line":255,"column":35},"end":{"line":255,"column":47}},"loc":{"start":{"line":255,"column":47},"end":{"line":265,"column":9}},"line":255},"35":{"name":"(anonymous_35)","decl":{"start":{"line":267,"column":21},"end":{"line":267,"column":39}},"loc":{"start":{"line":267,"column":39},"end":{"line":318,"column":9}},"line":267},"36":{"name":"(anonymous_36)","decl":{"start":{"line":268,"column":36},"end":{"line":268,"column":42}},"loc":{"start":{"line":268,"column":51},"end":{"line":268,"column":77}},"line":268}},"branchMap":{"0":{"loc":{"start":{"line":18,"column":120},"end":{"line":18,"column":141}},"type":"default-arg","locations":[{"start":{"line":18,"column":132},"end":{"line":18,"column":141}}],"line":18},"1":{"loc":{"start":{"line":34,"column":41},"end":{"line":34,"column":70}},"type":"binary-expr","locations":[{"start":{"line":34,"column":41},"end":{"line":34,"column":65}},{"start":{"line":34,"column":65},"end":{"line":34,"column":70}}],"line":34},"2":{"loc":{"start":{"line":53,"column":27},"end":{"line":53,"column":46}},"type":"cond-expr","locations":[{"start":{"line":53,"column":39},"end":{"line":53,"column":43}},{"start":{"line":53,"column":43},"end":{"line":53,"column":46}}],"line":53},"3":{"loc":{"start":{"line":96,"column":4},"end":{"line":111,"column":null}},"type":"if","locations":[{"start":{"line":96,"column":4},"end":{"line":111,"column":null}},{"start":{"line":104,"column":14},"end":{"line":111,"column":null}}],"line":96},"4":{"loc":{"start":{"line":118,"column":25},"end":{"line":118,"column":null}},"type":"binary-expr","locations":[{"start":{"line":118,"column":25},"end":{"line":118,"column":40}},{"start":{"line":118,"column":44},"end":{"line":118,"column":null}}],"line":118},"5":{"loc":{"start":{"line":119,"column":25},"end":{"line":119,"column":null}},"type":"binary-expr","locations":[{"start":{"line":119,"column":25},"end":{"line":119,"column":70}},{"start":{"line":119,"column":74},"end":{"line":119,"column":null}}],"line":119},"6":{"loc":{"start":{"line":121,"column":41},"end":{"line":121,"column":64}},"type":"binary-expr","locations":[{"start":{"line":121,"column":41},"end":{"line":121,"column":59}},{"start":{"line":121,"column":59},"end":{"line":121,"column":64}}],"line":121},"7":{"loc":{"start":{"line":122,"column":37},"end":{"line":122,"column":null}},"type":"binary-expr","locations":[{"start":{"line":122,"column":37},"end":{"line":122,"column":53}},{"start":{"line":122,"column":53},"end":{"line":122,"column":null}}],"line":122},"8":{"loc":{"start":{"line":128,"column":6},"end":{"line":129,"column":null}},"type":"if","locations":[{"start":{"line":128,"column":6},"end":{"line":129,"column":null}},{"start":{},"end":{}}],"line":128},"9":{"loc":{"start":{"line":131,"column":24},"end":{"line":131,"column":null}},"type":"binary-expr","locations":[{"start":{"line":131,"column":24},"end":{"line":131,"column":51}},{"start":{"line":131,"column":55},"end":{"line":131,"column":null}}],"line":131},"10":{"loc":{"start":{"line":136,"column":4},"end":{"line":137,"column":null}},"type":"if","locations":[{"start":{"line":136,"column":4},"end":{"line":137,"column":null}},{"start":{},"end":{}}],"line":136},"11":{"loc":{"start":{"line":151,"column":28},"end":{"line":151,"column":57}},"type":"binary-expr","locations":[{"start":{"line":151,"column":28},"end":{"line":151,"column":55}},{"start":{"line":151,"column":55},"end":{"line":151,"column":57}}],"line":151},"12":{"loc":{"start":{"line":155,"column":6},"end":{"line":156,"column":null}},"type":"if","locations":[{"start":{"line":155,"column":6},"end":{"line":156,"column":null}},{"start":{},"end":{}}],"line":155},"13":{"loc":{"start":{"line":155,"column":10},"end":{"line":155,"column":48}},"type":"binary-expr","locations":[{"start":{"line":155,"column":10},"end":{"line":155,"column":33}},{"start":{"line":155,"column":33},"end":{"line":155,"column":48}}],"line":155},"14":{"loc":{"start":{"line":159,"column":24},"end":{"line":161,"column":38}},"type":"cond-expr","locations":[{"start":{"line":160,"column":13},"end":{"line":160,"column":51}},{"start":{"line":161,"column":13},"end":{"line":161,"column":38}}],"line":159},"15":{"loc":{"start":{"line":169,"column":6},"end":{"line":176,"column":null}},"type":"if","locations":[{"start":{"line":169,"column":6},"end":{"line":176,"column":null}},{"start":{"line":173,"column":16},"end":{"line":176,"column":null}}],"line":169},"16":{"loc":{"start":{"line":170,"column":36},"end":{"line":170,"column":59}},"type":"binary-expr","locations":[{"start":{"line":170,"column":36},"end":{"line":170,"column":57}},{"start":{"line":170,"column":57},"end":{"line":170,"column":59}}],"line":170},"17":{"loc":{"start":{"line":174,"column":36},"end":{"line":174,"column":59}},"type":"binary-expr","locations":[{"start":{"line":174,"column":36},"end":{"line":174,"column":57}},{"start":{"line":174,"column":57},"end":{"line":174,"column":59}}],"line":174},"18":{"loc":{"start":{"line":184,"column":31},"end":{"line":184,"column":51}},"type":"binary-expr","locations":[{"start":{"line":184,"column":31},"end":{"line":184,"column":49}},{"start":{"line":184,"column":49},"end":{"line":184,"column":51}}],"line":184},"19":{"loc":{"start":{"line":188,"column":6},"end":{"line":189,"column":null}},"type":"if","locations":[{"start":{"line":188,"column":6},"end":{"line":189,"column":null}},{"start":{},"end":{}}],"line":188},"20":{"loc":{"start":{"line":188,"column":10},"end":{"line":188,"column":48}},"type":"binary-expr","locations":[{"start":{"line":188,"column":10},"end":{"line":188,"column":33}},{"start":{"line":188,"column":33},"end":{"line":188,"column":48}}],"line":188},"21":{"loc":{"start":{"line":192,"column":27},"end":{"line":194,"column":44}},"type":"cond-expr","locations":[{"start":{"line":193,"column":13},"end":{"line":193,"column":57}},{"start":{"line":194,"column":13},"end":{"line":194,"column":44}}],"line":192},"22":{"loc":{"start":{"line":202,"column":28},"end":{"line":202,"column":60}},"type":"binary-expr","locations":[{"start":{"line":202,"column":28},"end":{"line":202,"column":58}},{"start":{"line":202,"column":58},"end":{"line":202,"column":60}}],"line":202},"23":{"loc":{"start":{"line":206,"column":6},"end":{"line":207,"column":null}},"type":"if","locations":[{"start":{"line":206,"column":6},"end":{"line":207,"column":null}},{"start":{},"end":{}}],"line":206},"24":{"loc":{"start":{"line":206,"column":10},"end":{"line":206,"column":48}},"type":"binary-expr","locations":[{"start":{"line":206,"column":10},"end":{"line":206,"column":33}},{"start":{"line":206,"column":33},"end":{"line":206,"column":48}}],"line":206},"25":{"loc":{"start":{"line":210,"column":24},"end":{"line":212,"column":38}},"type":"cond-expr","locations":[{"start":{"line":211,"column":13},"end":{"line":211,"column":51}},{"start":{"line":212,"column":13},"end":{"line":212,"column":38}}],"line":210},"26":{"loc":{"start":{"line":219,"column":4},"end":{"line":220,"column":null}},"type":"if","locations":[{"start":{"line":219,"column":4},"end":{"line":220,"column":null}},{"start":{},"end":{}}],"line":219},"27":{"loc":{"start":{"line":224,"column":33},"end":{"line":224,"column":55}},"type":"binary-expr","locations":[{"start":{"line":224,"column":33},"end":{"line":224,"column":53}},{"start":{"line":224,"column":53},"end":{"line":224,"column":55}}],"line":224},"28":{"loc":{"start":{"line":225,"column":29},"end":{"line":227,"column":42}},"type":"cond-expr","locations":[{"start":{"line":226,"column":13},"end":{"line":226,"column":55}},{"start":{"line":227,"column":13},"end":{"line":227,"column":42}}],"line":225},"29":{"loc":{"start":{"line":234,"column":4},"end":{"line":235,"column":null}},"type":"if","locations":[{"start":{"line":234,"column":4},"end":{"line":235,"column":null}},{"start":{},"end":{}}],"line":234},"30":{"loc":{"start":{"line":239,"column":32},"end":{"line":239,"column":53}},"type":"binary-expr","locations":[{"start":{"line":239,"column":32},"end":{"line":239,"column":51}},{"start":{"line":239,"column":51},"end":{"line":239,"column":53}}],"line":239},"31":{"loc":{"start":{"line":240,"column":28},"end":{"line":242,"column":41}},"type":"cond-expr","locations":[{"start":{"line":241,"column":13},"end":{"line":241,"column":54}},{"start":{"line":242,"column":13},"end":{"line":242,"column":41}}],"line":240},"32":{"loc":{"start":{"line":250,"column":4},"end":{"line":251,"column":null}},"type":"if","locations":[{"start":{"line":250,"column":4},"end":{"line":251,"column":null}},{"start":{},"end":{}}],"line":250},"33":{"loc":{"start":{"line":257,"column":4},"end":{"line":263,"column":null}},"type":"if","locations":[{"start":{"line":257,"column":4},"end":{"line":263,"column":null}},{"start":{},"end":{}}],"line":257},"34":{"loc":{"start":{"line":259,"column":6},"end":{"line":261,"column":null}},"type":"if","locations":[{"start":{"line":259,"column":6},"end":{"line":261,"column":null}},{"start":{},"end":{}}],"line":259},"35":{"loc":{"start":{"line":269,"column":4},"end":{"line":270,"column":null}},"type":"if","locations":[{"start":{"line":269,"column":4},"end":{"line":270,"column":null}},{"start":{},"end":{}}],"line":269},"36":{"loc":{"start":{"line":334,"column":17},"end":{"line":334,"column":null}},"type":"cond-expr","locations":[{"start":{"line":334,"column":29},"end":{"line":334,"column":48}},{"start":{"line":334,"column":48},"end":{"line":334,"column":null}}],"line":334},"37":{"loc":{"start":{"line":347,"column":23},"end":{"line":347,"column":null}},"type":"cond-expr","locations":[{"start":{"line":347,"column":35},"end":{"line":347,"column":55}},{"start":{"line":347,"column":55},"end":{"line":347,"column":null}}],"line":347}},"s":{"0":0,"1":0,"2":0,"3":0,"4":0,"5":0,"6":0,"7":0,"8":0,"9":0,"10":0,"11":0,"12":0,"13":0,"14":0,"15":0,"16":0,"17":0,"18":0,"19":0,"20":0,"21":0,"22":0,"23":0,"24":0,"25":0,"26":0,"27":0,"28":0,"29":0,"30":0,"31":0,"32":0,"33":0,"34":0,"35":0,"36":0,"37":0,"38":0,"39":0,"40":0,"41":0,"42":0,"43":0,"44":0,"45":0,"46":0,"47":0,"48":0,"49":0,"50":0,"51":0,"52":0,"53":0,"54":0,"55":0,"56":0,"57":0,"58":0,"59":0,"60":0,"61":0,"62":0,"63":0,"64":0,"65":0,"66":0,"67":0,"68":0,"69":0,"70":0,"71":0,"72":0,"73":0,"74":0,"75":0,"76":0,"77":0,"78":0,"79":0,"80":0,"81":0,"82":0,"83":0,"84":0,"85":0,"86":0,"87":0,"88":0,"89":0,"90":0,"91":0,"92":0,"93":0,"94":0,"95":0,"96":0,"97":0,"98":0,"99":0,"100":0,"101":0,"102":0,"103":0,"104":0,"105":0,"106":0,"107":0,"108":0,"109":0,"110":0,"111":0,"112":0,"113":0,"114":0,"115":0,"116":0,"117":0,"118":0,"119":0,"120":0,"121":0,"122":0,"123":0,"124":0,"125":0,"126":0,"127":0},"f":{"0":0,"1":0,"2":0,"3":0,"4":0,"5":0,"6":0,"7":0,"8":0,"9":0,"10":0,"11":0,"12":0,"13":0,"14":0,"15":0,"16":0,"17":0,"18":0,"19":0,"20":0,"21":0,"22":0,"23":0,"24":0,"25":0,"26":0,"27":0,"28":0,"29":0,"30":0,"31":0,"32":0,"33":0,"34":0,"35":0,"36":0},"b":{"0":[0],"1":[0,0],"2":[0,0],"3":[0,0],"4":[0,0],"5":[0,0],"6":[0,0],"7":[0,0],"8":[0,0],"9":[0,0],"10":[0,0],"11":[0,0],"12":[0,0],"13":[0,0],"14":[0,0],"15":[0,0],"16":[0,0],"17":[0,0],"18":[0,0],"19":[0,0],"20":[0,0],"21":[0,0],"22":[0,0],"23":[0,0],"24":[0,0],"25":[0,0],"26":[0,0],"27":[0,0],"28":[0,0],"29":[0,0],"30":[0,0],"31":[0,0],"32":[0,0],"33":[0,0],"34":[0,0],"35":[0,0],"36":[0,0],"37":[0,0]},"meta":{"lastBranch":38,"lastFunction":37,"lastStatement":128,"seen":{"f:18:9:18:33":0,"b:18:132:18:141":0,"s:30:4:31:46":0,"s:34:18:34:70":1,"b:34:41:34:65:34:65:34:70":1,"s:43:4:44:29":2,"s:52:4:53:90":3,"b:53:39:53:43:53:43:53:46":2,"s:60:4:61:45":4,"s:69:4:70:35":5,"s:75:4:76:50":6,"s:80:4:81:44":7,"s:86:4:87:35":8,"s:90:2:90:Infinity":9,"s:93:8:115:31":10,"f:93:42:93:49":1,"s:94:4:94:Infinity":11,"b:96:4:111:Infinity:104:14:111:Infinity":3,"s:96:4:111:Infinity":12,"s:97:6:103:Infinity":13,"f:97:6:97:18":2,"s:97:27:103:12":14,"s:105:6:111:Infinity":15,"f:105:6:105:18":3,"s:105:27:111:12":16,"s:114:4:114:Infinity":17,"s:117:8:139:60":18,"f:117:51:117:58":4,"s:118:25:118:Infinity":19,"b:118:25:118:40:118:44:118:Infinity":4,"s:119:25:119:Infinity":20,"b:119:25:119:70:119:74:119:Infinity":5,"s:121:18:121:64":21,"b:121:41:121:59:121:59:121:64":6,"s:122:10:122:Infinity":22,"f:122:10:122:27":5,"s:122:37:122:Infinity":23,"b:122:37:122:53:122:53:122:Infinity":7,"s:124:20:124:47":24,"s:125:20:125:47":25,"s:127:30:134:12":26,"f:127:49:127:57":6,"b:128:6:129:Infinity:undefined:undefined:undefined:undefined":8,"s:128:6:129:Infinity":27,"s:129:8:129:Infinity":28,"s:131:24:131:Infinity":29,"b:131:24:131:51:131:55:131:Infinity":9,"s:132:19:132:43":30,"s:133:6:133:Infinity":31,"b:136:4:137:Infinity:undefined:undefined:undefined:undefined":10,"s:136:4:137:Infinity":32,"s:137:6:137:Infinity":33,"s:141:8:143:23":34,"f:141:41:141:54":7,"s:142:4:142:Infinity":35,"s:145:8:147:23":36,"f:145:39:145:52":8,"s:146:4:146:Infinity":37,"s:149:8:165:51":38,"f:149:28:149:41":9,"s:150:4:163:Infinity":39,"f:150:4:150:16":10,"s:151:28:151:57":40,"b:151:28:151:55:151:55:151:57":11,"s:152:28:152:61":41,"s:153:34:153:63":42,"b:155:6:156:Infinity:undefined:undefined:undefined:undefined":12,"s:155:6:156:Infinity":43,"b:155:10:155:33:155:33:155:48":13,"s:156:8:156:Infinity":44,"s:159:24:161:38":45,"b:160:13:160:51:161:13:161:38":14,"f:160:27:160:34":11,"s:160:39:160:51":46,"s:162:6:162:Infinity":47,"s:164:4:164:Infinity":48,"f:164:4:164:14":12,"s:164:23:164:62":49,"s:167:8:180:32":50,"f:167:37:167:50":13,"s:168:4:178:Infinity":51,"f:168:4:168:16":14,"b:169:6:176:Infinity:173:16:176:Infinity":15,"s:169:6:176:Infinity":52,"s:170:36:170:59":53,"b:170:36:170:57:170:57:170:59":16,"s:171:32:171:63":54,"s:172:8:172:Infinity":55,"s:174:36:174:59":56,"b:174:36:174:57:174:57:174:59":17,"s:175:32:175:76":57,"f:175:52:175:59":15,"s:175:64:175:76":58,"s:176:8:176:Infinity":59,"s:179:4:179:Infinity":60,"f:179:4:179:14":16,"s:179:23:179:56":61,"s:182:8:198:54":62,"f:182:31:182:44":17,"s:183:4:196:Infinity":63,"f:183:4:183:16":18,"s:184:31:184:51":64,"b:184:31:184:49:184:49:184:51":18,"s:185:28:185:67":65,"s:186:34:186:69":66,"b:188:6:189:Infinity:undefined:undefined:undefined:undefined":19,"s:188:6:189:Infinity":67,"b:188:10:188:33:188:33:188:48":20,"s:189:8:189:Infinity":68,"s:192:27:194:44":69,"b:193:13:193:57:194:13:194:44":21,"f:193:30:193:37":19,"s:193:42:193:57":70,"s:195:6:195:Infinity":71,"s:197:4:197:Infinity":72,"f:197:4:197:14":20,"s:197:23:197:53":73,"s:200:8:216:59":74,"f:200:36:200:49":21,"s:201:4:214:Infinity":75,"f:201:4:201:16":22,"s:202:28:202:60":76,"b:202:28:202:58:202:58:202:60":22,"s:203:28:203:69":77,"s:204:34:204:63":78,"b:206:6:207:Infinity:undefined:undefined:undefined:undefined":23,"s:206:6:207:Infinity":79,"b:206:10:206:33:206:33:206:48":24,"s:207:8:207:Infinity":80,"s:210:24:212:38":81,"b:211:13:211:51:212:13:212:38":25,"f:211:27:211:34":23,"s:211:39:211:51":82,"s:213:6:213:Infinity":83,"s:215:4:215:Infinity":84,"f:215:4:215:14":24,"s:215:23:215:58":85,"s:218:8:231:32":86,"f:218:33:218:46":25,"b:219:4:220:Infinity:undefined:undefined:undefined:undefined":26,"s:219:4:220:Infinity":87,"s:220:6:220:Infinity":88,"s:223:4:229:Infinity":89,"f:223:4:223:16":26,"s:224:33:224:55":90,"b:224:33:224:53:224:53:224:55":27,"s:225:29:227:42":91,"b:226:13:226:55:227:13:227:42":28,"f:226:32:226:39":27,"s:226:44:226:55":92,"s:228:6:228:Infinity":93,"s:230:4:230:Infinity":94,"f:230:4:230:14":28,"s:230:23:230:55":95,"s:233:8:246:32":96,"f:233:31:233:44":29,"b:234:4:235:Infinity:undefined:undefined:undefined:undefined":29,"s:234:4:235:Infinity":97,"s:235:6:235:Infinity":98,"s:238:4:244:Infinity":99,"f:238:4:238:16":30,"s:239:32:239:53":100,"b:239:32:239:51:239:51:239:53":30,"s:240:28:242:41":101,"b:241:13:241:54:242:13:242:41":31,"f:241:31:241:38":31,"s:241:43:241:54":102,"s:243:6:243:Infinity":103,"s:245:4:245:Infinity":104,"f:245:4:245:14":32,"s:245:23:245:54":105,"s:248:8:253:36":106,"f:248:33:248:45":33,"s:249:20:249:40":107,"b:250:4:251:Infinity:undefined:undefined:undefined:undefined":32,"s:250:4:251:Infinity":108,"s:251:6:251:Infinity":109,"s:255:8:265:90":110,"f:255:35:255:47":34,"s:256:23:256:103":111,"b:257:4:263:Infinity:undefined:undefined:undefined:undefined":33,"s:257:4:263:Infinity":112,"s:258:12:258:57":113,"b:259:6:261:Infinity:undefined:undefined:undefined:undefined":34,"s:259:6:261:Infinity":114,"s:260:8:260:Infinity":115,"s:261:8:261:Infinity":116,"s:263:6:263:Infinity":117,"s:267:8:326:50":118,"f:267:21:267:39":35,"s:268:23:268:77":119,"f:268:36:268:42":36,"s:268:51:268:77":120,"b:269:4:270:Infinity:undefined:undefined:undefined:undefined":35,"s:269:4:270:Infinity":121,"s:270:8:270:Infinity":122,"s:273:26:273:Infinity":123,"s:274:18:315:8":124,"s:317:4:317:Infinity":125,"s:328:8:328:36":126,"s:330:2:357:Infinity":127,"b:334:29:334:48:334:48:334:Infinity":36,"b:347:35:347:55:347:55:347:Infinity":37}}}
,"/Users/paulgilchrist/Source/dnd-char-sheet/src/components/character-creation/constants.js": {"path":"/Users/paulgilchrist/Source/dnd-char-sheet/src/components/character-creation/constants.js","statementMap":{"0":{"start":{"line":16,"column":31},"end":{"line":26,"column":null}},"1":{"start":{"line":29,"column":32},"end":{"line":40,"column":null}},"2":{"start":{"line":30,"column":1},"end":{"line":37,"column":null}},"3":{"start":{"line":31,"column":19},"end":{"line":31,"column":59}},"4":{"start":{"line":32,"column":2},"end":{"line":34,"column":null}},"5":{"start":{"line":33,"column":21},"end":{"line":33,"column":42}},"6":{"start":{"line":34,"column":3},"end":{"line":34,"column":null}},"7":{"start":{"line":34,"column":35},"end":{"line":34,"column":53}},"8":{"start":{"line":37,"column":2},"end":{"line":37,"column":null}},"9":{"start":{"line":40,"column":1},"end":{"line":40,"column":null}},"10":{"start":{"line":46,"column":33},"end":{"line":78,"column":null}},"11":{"start":{"line":50,"column":110},"end":{"line":55,"column":9}}},"fnMap":{"0":{"name":"(anonymous_0)","decl":{"start":{"line":29,"column":32},"end":{"line":29,"column":44}},"loc":{"start":{"line":29,"column":44},"end":{"line":40,"column":null}},"line":29},"1":{"name":"(anonymous_1)","decl":{"start":{"line":34,"column":20},"end":{"line":34,"column":24}},"loc":{"start":{"line":34,"column":35},"end":{"line":34,"column":53}},"line":34},"2":{"name":"(anonymous_2)","decl":{"start":{"line":50,"column":95},"end":{"line":50,"column":100}},"loc":{"start":{"line":50,"column":110},"end":{"line":55,"column":9}},"line":50}},"branchMap":{"0":{"loc":{"start":{"line":32,"column":2},"end":{"line":34,"column":null}},"type":"if","locations":[{"start":{"line":32,"column":2},"end":{"line":34,"column":null}},{"start":{},"end":{}}],"line":32}},"s":{"0":1,"1":1,"2":0,"3":0,"4":0,"5":0,"6":0,"7":0,"8":0,"9":0,"10":1,"11":6},"f":{"0":0,"1":0,"2":6},"b":{"0":[0,0]},"meta":{"lastBranch":1,"lastFunction":3,"lastStatement":12,"seen":{"s:16:31:26:Infinity":0,"s:29:32:40:Infinity":1,"f:29:32:29:44":0,"s:30:1:37:Infinity":2,"s:31:19:31:59":3,"b:32:2:34:Infinity:undefined:undefined:undefined:undefined":0,"s:32:2:34:Infinity":4,"s:33:21:33:42":5,"s:34:3:34:Infinity":6,"f:34:20:34:24":1,"s:34:35:34:53":7,"s:37:2:37:Infinity":8,"s:40:1:40:Infinity":9,"s:46:33:78:Infinity":10,"f:50:95:50:100":2,"s:50:110:55:9":11}}}
,"/Users/paulgilchrist/Source/dnd-char-sheet/src/components/character-creation/selectable-list.jsx": {"path":"/Users/paulgilchrist/Source/dnd-char-sheet/src/components/character-creation/selectable-list.jsx","statementMap":{"0":{"start":{"line":19,"column":22},"end":{"line":19,"column":52}},"1":{"start":{"line":20,"column":26},"end":{"line":20,"column":60}},"2":{"start":{"line":21,"column":27},"end":{"line":21,"column":65}},"3":{"start":{"line":24,"column":23},"end":{"line":30,"column":null}},"4":{"start":{"line":25,"column":19},"end":{"line":25,"column":21}},"5":{"start":{"line":26,"column":4},"end":{"line":28,"column":null}},"6":{"start":{"line":27,"column":6},"end":{"line":27,"column":null}},"7":{"start":{"line":29,"column":4},"end":{"line":29,"column":null}},"8":{"start":{"line":33,"column":8},"end":{"line":52,"column":22}},"9":{"start":{"line":34,"column":20},"end":{"line":34,"column":22}},"10":{"start":{"line":35,"column":4},"end":{"line":50,"column":null}},"11":{"start":{"line":36,"column":24},"end":{"line":36,"column":63}},"12":{"start":{"line":37,"column":6},"end":{"line":47,"column":null}},"13":{"start":{"line":38,"column":8},"end":{"line":47,"column":null}},"14":{"start":{"line":39,"column":24},"end":{"line":39,"column":null}},"15":{"start":{"line":40,"column":10},"end":{"line":44,"column":null}},"16":{"start":{"line":41,"column":12},"end":{"line":44,"column":null}},"17":{"start":{"line":42,"column":14},"end":{"line":42,"column":null}},"18":{"start":{"line":42,"column":33},"end":{"line":42,"column":57}},"19":{"start":{"line":44,"column":14},"end":{"line":44,"column":null}},"20":{"start":{"line":49,"column":6},"end":{"line":49,"column":null}},"21":{"start":{"line":49,"column":85},"end":{"line":49,"column":103}},"22":{"start":{"line":51,"column":4},"end":{"line":51,"column":null}},"23":{"start":{"line":55,"column":8},"end":{"line":90,"column":88}},"24":{"start":{"line":56,"column":4},"end":{"line":56,"column":null}},"25":{"start":{"line":56,"column":38},"end":{"line":56,"column":null}},"26":{"start":{"line":58,"column":18},"end":{"line":58,"column":28}},"27":{"start":{"line":61,"column":4},"end":{"line":66,"column":null}},"28":{"start":{"line":62,"column":20},"end":{"line":62,"column":45}},"29":{"start":{"line":63,"column":6},"end":{"line":66,"column":null}},"30":{"start":{"line":64,"column":8},"end":{"line":65,"column":64}},"31":{"start":{"line":70,"column":4},"end":{"line":81,"column":null}},"32":{"start":{"line":71,"column":28},"end":{"line":71,"column":null}},"33":{"start":{"line":72,"column":6},"end":{"line":79,"column":null}},"34":{"start":{"line":73,"column":8},"end":{"line":79,"column":null}},"35":{"start":{"line":74,"column":24},"end":{"line":74,"column":null}},"36":{"start":{"line":75,"column":10},"end":{"line":76,"column":null}},"37":{"start":{"line":76,"column":12},"end":{"line":76,"column":null}},"38":{"start":{"line":78,"column":10},"end":{"line":78,"column":null}},"39":{"start":{"line":84,"column":4},"end":{"line":86,"column":null}},"40":{"start":{"line":85,"column":28},"end":{"line":85,"column":53}},"41":{"start":{"line":86,"column":6},"end":{"line":86,"column":null}},"42":{"start":{"line":86,"column":39},"end":{"line":86,"column":72}},"43":{"start":{"line":89,"column":4},"end":{"line":89,"column":null}},"44":{"start":{"line":89,"column":34},"end":{"line":89,"column":62}},"45":{"start":{"line":93,"column":8},"end":{"line":106,"column":null}},"46":{"start":{"line":94,"column":25},"end":{"line":94,"column":50}},"47":{"start":{"line":95,"column":26},"end":{"line":95,"column":61}},"48":{"start":{"line":96,"column":32},"end":{"line":96,"column":63}},"49":{"start":{"line":99,"column":4},"end":{"line":100,"column":null}},"50":{"start":{"line":100,"column":6},"end":{"line":100,"column":null}},"51":{"start":{"line":103,"column":21},"end":{"line":105,"column":36}},"52":{"start":{"line":104,"column":34},"end":{"line":104,"column":49}},"53":{"start":{"line":106,"column":4},"end":{"line":106,"column":null}},"54":{"start":{"line":110,"column":8},"end":{"line":111,"column":null}},"55":{"start":{"line":111,"column":4},"end":{"line":111,"column":null}},"56":{"start":{"line":115,"column":8},"end":{"line":116,"column":null}},"57":{"start":{"line":116,"column":4},"end":{"line":116,"column":null}},"58":{"start":{"line":120,"column":8},"end":{"line":124,"column":null}},"59":{"start":{"line":121,"column":4},"end":{"line":124,"column":null}},"60":{"start":{"line":121,"column":32},"end":{"line":124,"column":8}},"61":{"start":{"line":128,"column":8},"end":{"line":132,"column":null}},"62":{"start":{"line":129,"column":4},"end":{"line":132,"column":null}},"63":{"start":{"line":129,"column":29},"end":{"line":132,"column":8}},"64":{"start":{"line":136,"column":2},"end":{"line":142,"column":null}},"65":{"start":{"line":137,"column":4},"end":{"line":142,"column":null}},"66":{"start":{"line":148,"column":2},"end":{"line":233,"column":null}},"67":{"start":{"line":168,"column":29},"end":{"line":168,"column":null}},"68":{"start":{"line":174,"column":11},"end":{"line":188,"column":null}},"69":{"start":{"line":180,"column":31},"end":{"line":180,"column":79}},"70":{"start":{"line":183,"column":17},"end":{"line":185,"column":null}},"71":{"start":{"line":197,"column":31},"end":{"line":197,"column":null}},"72":{"start":{"line":218,"column":49},"end":{"line":218,"column":101}},"73":{"start":{"line":224,"column":14},"end":{"line":230,"column":17}},"74":{"start":{"line":228,"column":32},"end":{"line":228,"column":59}},"75":{"start":{"line":229,"column":38},"end":{"line":229,"column":null}}},"fnMap":{"0":{"name":"SelectableList","decl":{"start":{"line":3,"column":9},"end":{"line":3,"column":24}},"loc":{"start":{"line":18,"column":3},"end":{"line":233,"column":null}},"line":18},"1":{"name":"(anonymous_1)","decl":{"start":{"line":24,"column":42},"end":{"line":24,"column":57}},"loc":{"start":{"line":24,"column":57},"end":{"line":30,"column":null}},"line":24},"2":{"name":"(anonymous_2)","decl":{"start":{"line":26,"column":12},"end":{"line":26,"column":20}},"loc":{"start":{"line":26,"column":30},"end":{"line":28,"column":null}},"line":26},"3":{"name":"(anonymous_3)","decl":{"start":{"line":33,"column":24},"end":{"line":33,"column":38}},"loc":{"start":{"line":33,"column":38},"end":{"line":52,"column":6}},"line":33},"4":{"name":"(anonymous_4)","decl":{"start":{"line":35,"column":12},"end":{"line":35,"column":20}},"loc":{"start":{"line":35,"column":30},"end":{"line":50,"column":null}},"line":35},"5":{"name":"(anonymous_5)","decl":{"start":{"line":38,"column":14},"end":{"line":38,"column":22}},"loc":{"start":{"line":38,"column":30},"end":{"line":47,"column":null}},"line":38},"6":{"name":"(anonymous_6)","decl":{"start":{"line":42,"column":20},"end":{"line":42,"column":28}},"loc":{"start":{"line":42,"column":33},"end":{"line":42,"column":57}},"line":42},"7":{"name":"(anonymous_7)","decl":{"start":{"line":49,"column":64},"end":{"line":49,"column":76}},"loc":{"start":{"line":49,"column":85},"end":{"line":49,"column":103}},"line":49},"8":{"name":"(anonymous_8)","decl":{"start":{"line":55,"column":24},"end":{"line":55,"column":38}},"loc":{"start":{"line":55,"column":38},"end":{"line":90,"column":6}},"line":55},"9":{"name":"(anonymous_9)","decl":{"start":{"line":63,"column":24},"end":{"line":63,"column":31}},"loc":{"start":{"line":64,"column":8},"end":{"line":65,"column":64}},"line":64},"10":{"name":"(anonymous_10)","decl":{"start":{"line":70,"column":12},"end":{"line":70,"column":20}},"loc":{"start":{"line":70,"column":30},"end":{"line":81,"column":null}},"line":70},"11":{"name":"(anonymous_11)","decl":{"start":{"line":73,"column":26},"end":{"line":73,"column":33}},"loc":{"start":{"line":73,"column":41},"end":{"line":79,"column":null}},"line":73},"12":{"name":"(anonymous_12)","decl":{"start":{"line":86,"column":24},"end":{"line":86,"column":31}},"loc":{"start":{"line":86,"column":39},"end":{"line":86,"column":72}},"line":86},"13":{"name":"(anonymous_13)","decl":{"start":{"line":89,"column":19},"end":{"line":89,"column":25}},"loc":{"start":{"line":89,"column":34},"end":{"line":89,"column":62}},"line":89},"14":{"name":"(anonymous_14)","decl":{"start":{"line":93,"column":8},"end":{"line":93,"column":28}},"loc":{"start":{"line":93,"column":41},"end":{"line":106,"column":null}},"line":93},"15":{"name":"(anonymous_15)","decl":{"start":{"line":104,"column":22},"end":{"line":104,"column":29}},"loc":{"start":{"line":104,"column":34},"end":{"line":104,"column":49}},"line":104},"16":{"name":"(anonymous_16)","decl":{"start":{"line":110,"column":8},"end":{"line":110,"column":26}},"loc":{"start":{"line":110,"column":39},"end":{"line":111,"column":null}},"line":110},"17":{"name":"(anonymous_17)","decl":{"start":{"line":115,"column":8},"end":{"line":115,"column":29}},"loc":{"start":{"line":115,"column":42},"end":{"line":116,"column":null}},"line":115},"18":{"name":"(anonymous_18)","decl":{"start":{"line":120,"column":8},"end":{"line":120,"column":29}},"loc":{"start":{"line":120,"column":43},"end":{"line":124,"column":null}},"line":120},"19":{"name":"(anonymous_19)","decl":{"start":{"line":121,"column":4},"end":{"line":121,"column":23}},"loc":{"start":{"line":121,"column":32},"end":{"line":124,"column":8}},"line":121},"20":{"name":"(anonymous_20)","decl":{"start":{"line":128,"column":8},"end":{"line":128,"column":30}},"loc":{"start":{"line":128,"column":53},"end":{"line":132,"column":null}},"line":128},"21":{"name":"(anonymous_21)","decl":{"start":{"line":129,"column":4},"end":{"line":129,"column":20}},"loc":{"start":{"line":129,"column":29},"end":{"line":132,"column":8}},"line":129},"22":{"name":"(anonymous_22)","decl":{"start":{"line":168,"column":12},"end":{"line":168,"column":23}},"loc":{"start":{"line":168,"column":29},"end":{"line":168,"column":null}},"line":168},"23":{"name":"(anonymous_23)","decl":{"start":{"line":173,"column":18},"end":{"line":173,"column":22}},"loc":{"start":{"line":174,"column":11},"end":{"line":188,"column":null}},"line":174},"24":{"name":"(anonymous_24)","decl":{"start":{"line":180,"column":14},"end":{"line":180,"column":25}},"loc":{"start":{"line":180,"column":31},"end":{"line":180,"column":79}},"line":180},"25":{"name":"(anonymous_25)","decl":{"start":{"line":182,"column":52},"end":{"line":182,"column":56}},"loc":{"start":{"line":183,"column":17},"end":{"line":185,"column":null}},"line":183},"26":{"name":"(anonymous_26)","decl":{"start":{"line":197,"column":14},"end":{"line":197,"column":25}},"loc":{"start":{"line":197,"column":31},"end":{"line":197,"column":null}},"line":197},"27":{"name":"(anonymous_27)","decl":{"start":{"line":218,"column":39},"end":{"line":218,"column":44}},"loc":{"start":{"line":218,"column":49},"end":{"line":218,"column":101}},"line":218},"28":{"name":"(anonymous_28)","decl":{"start":{"line":223,"column":26},"end":{"line":223,"column":31}},"loc":{"start":{"line":224,"column":14},"end":{"line":230,"column":17}},"line":224},"29":{"name":"(anonymous_29)","decl":{"start":{"line":228,"column":16},"end":{"line":228,"column":32}},"loc":{"start":{"line":228,"column":32},"end":{"line":228,"column":59}},"line":228},"30":{"name":"(anonymous_30)","decl":{"start":{"line":229,"column":16},"end":{"line":229,"column":38}},"loc":{"start":{"line":229,"column":38},"end":{"line":229,"column":null}},"line":229}},"branchMap":{"0":{"loc":{"start":{"line":10,"column":2},"end":{"line":10,"column":14}},"type":"default-arg","locations":[{"start":{"line":10,"column":12},"end":{"line":10,"column":14}}],"line":10},"1":{"loc":{"start":{"line":15,"column":2},"end":{"line":15,"column":23}},"type":"default-arg","locations":[{"start":{"line":15,"column":21},"end":{"line":15,"column":23}}],"line":15},"2":{"loc":{"start":{"line":16,"column":2},"end":{"line":16,"column":null}},"type":"default-arg","locations":[{"start":{"line":16,"column":14},"end":{"line":16,"column":null}}],"line":16},"3":{"loc":{"start":{"line":27,"column":29},"end":{"line":27,"column":null}},"type":"binary-expr","locations":[{"start":{"line":27,"column":29},"end":{"line":27,"column":52}},{"start":{"line":27,"column":52},"end":{"line":27,"column":null}}],"line":27},"4":{"loc":{"start":{"line":36,"column":33},"end":{"line":36,"column":62}},"type":"binary-expr","locations":[{"start":{"line":36,"column":33},"end":{"line":36,"column":56}},{"start":{"line":36,"column":56},"end":{"line":36,"column":62}}],"line":36},"5":{"loc":{"start":{"line":37,"column":6},"end":{"line":47,"column":null}},"type":"if","locations":[{"start":{"line":37,"column":6},"end":{"line":47,"column":null}},{"start":{},"end":{}}],"line":37},"6":{"loc":{"start":{"line":37,"column":10},"end":{"line":37,"column":37}},"type":"binary-expr","locations":[{"start":{"line":37,"column":10},"end":{"line":37,"column":19}},{"start":{"line":37,"column":19},"end":{"line":37,"column":37}}],"line":37},"7":{"loc":{"start":{"line":39,"column":24},"end":{"line":39,"column":null}},"type":"cond-expr","locations":[{"start":{"line":39,"column":42},"end":{"line":39,"column":63}},{"start":{"line":39,"column":66},"end":{"line":39,"column":null}}],"line":39},"8":{"loc":{"start":{"line":40,"column":10},"end":{"line":44,"column":null}},"type":"if","locations":[{"start":{"line":40,"column":10},"end":{"line":44,"column":null}},{"start":{},"end":{}}],"line":40},"9":{"loc":{"start":{"line":40,"column":14},"end":{"line":40,"column":53}},"type":"binary-expr","locations":[{"start":{"line":40,"column":14},"end":{"line":40,"column":37}},{"start":{"line":40,"column":37},"end":{"line":40,"column":53}}],"line":40},"10":{"loc":{"start":{"line":41,"column":12},"end":{"line":44,"column":null}},"type":"if","locations":[{"start":{"line":41,"column":12},"end":{"line":44,"column":null}},{"start":{"line":43,"column":19},"end":{"line":44,"column":null}}],"line":41},"11":{"loc":{"start":{"line":49,"column":57},"end":{"line":49,"column":105}},"type":"binary-expr","locations":[{"start":{"line":49,"column":57},"end":{"line":49,"column":76}},{"start":{"line":49,"column":64},"end":{"line":49,"column":103}}],"line":49},"12":{"loc":{"start":{"line":56,"column":4},"end":{"line":56,"column":null}},"type":"if","locations":[{"start":{"line":56,"column":4},"end":{"line":56,"column":null}},{"start":{},"end":{}}],"line":56},"13":{"loc":{"start":{"line":56,"column":8},"end":{"line":56,"column":38}},"type":"binary-expr","locations":[{"start":{"line":56,"column":8},"end":{"line":56,"column":18}},{"start":{"line":56,"column":18},"end":{"line":56,"column":38}}],"line":56},"14":{"loc":{"start":{"line":61,"column":4},"end":{"line":66,"column":null}},"type":"if","locations":[{"start":{"line":61,"column":4},"end":{"line":66,"column":null}},{"start":{},"end":{}}],"line":61},"15":{"loc":{"start":{"line":64,"column":8},"end":{"line":65,"column":64}},"type":"binary-expr","locations":[{"start":{"line":64,"column":8},"end":{"line":64,"column":48}},{"start":{"line":65,"column":10},"end":{"line":65,"column":24}},{"start":{"line":65,"column":24},"end":{"line":65,"column":64}}],"line":64},"16":{"loc":{"start":{"line":72,"column":6},"end":{"line":79,"column":null}},"type":"if","locations":[{"start":{"line":72,"column":6},"end":{"line":79,"column":null}},{"start":{},"end":{}}],"line":72},"17":{"loc":{"start":{"line":72,"column":10},"end":{"line":72,"column":77}},"type":"binary-expr","locations":[{"start":{"line":72,"column":10},"end":{"line":72,"column":27}},{"start":{"line":72,"column":27},"end":{"line":72,"column":77}}],"line":72},"18":{"loc":{"start":{"line":72,"column":46},"end":{"line":72,"column":77}},"type":"binary-expr","locations":[{"start":{"line":72,"column":46},"end":{"line":72,"column":69}},{"start":{"line":72,"column":69},"end":{"line":72,"column":77}}],"line":72},"19":{"loc":{"start":{"line":74,"column":24},"end":{"line":74,"column":null}},"type":"cond-expr","locations":[{"start":{"line":74,"column":42},"end":{"line":74,"column":63}},{"start":{"line":74,"column":66},"end":{"line":74,"column":null}}],"line":74},"20":{"loc":{"start":{"line":75,"column":10},"end":{"line":76,"column":null}},"type":"if","locations":[{"start":{"line":75,"column":10},"end":{"line":76,"column":null}},{"start":{},"end":{}}],"line":75},"21":{"loc":{"start":{"line":84,"column":4},"end":{"line":86,"column":null}},"type":"if","locations":[{"start":{"line":84,"column":4},"end":{"line":86,"column":null}},{"start":{},"end":{}}],"line":84},"22":{"loc":{"start":{"line":85,"column":28},"end":{"line":85,"column":53}},"type":"binary-expr","locations":[{"start":{"line":85,"column":28},"end":{"line":85,"column":51}},{"start":{"line":85,"column":51},"end":{"line":85,"column":53}}],"line":85},"23":{"loc":{"start":{"line":94,"column":25},"end":{"line":94,"column":50}},"type":"binary-expr","locations":[{"start":{"line":94,"column":25},"end":{"line":94,"column":48}},{"start":{"line":94,"column":48},"end":{"line":94,"column":50}}],"line":94},"24":{"loc":{"start":{"line":99,"column":4},"end":{"line":100,"column":null}},"type":"if","locations":[{"start":{"line":99,"column":4},"end":{"line":100,"column":null}},{"start":{},"end":{}}],"line":99},"25":{"loc":{"start":{"line":99,"column":8},"end":{"line":99,"column":46}},"type":"binary-expr","locations":[{"start":{"line":99,"column":8},"end":{"line":99,"column":31}},{"start":{"line":99,"column":31},"end":{"line":99,"column":46}}],"line":99},"26":{"loc":{"start":{"line":103,"column":21},"end":{"line":105,"column":36}},"type":"cond-expr","locations":[{"start":{"line":104,"column":9},"end":{"line":104,"column":49}},{"start":{"line":105,"column":9},"end":{"line":105,"column":36}}],"line":103},"27":{"loc":{"start":{"line":111,"column":12},"end":{"line":111,"column":37}},"type":"binary-expr","locations":[{"start":{"line":111,"column":12},"end":{"line":111,"column":35}},{"start":{"line":111,"column":35},"end":{"line":111,"column":37}}],"line":111},"28":{"loc":{"start":{"line":136,"column":2},"end":{"line":142,"column":null}},"type":"if","locations":[{"start":{"line":136,"column":2},"end":{"line":142,"column":null}},{"start":{},"end":{}}],"line":136},"29":{"loc":{"start":{"line":136,"column":6},"end":{"line":136,"column":36}},"type":"binary-expr","locations":[{"start":{"line":136,"column":6},"end":{"line":136,"column":16}},{"start":{"line":136,"column":16},"end":{"line":136,"column":36}}],"line":136},"30":{"loc":{"start":{"line":141,"column":12},"end":{"line":141,"column":null}},"type":"binary-expr","locations":[{"start":{"line":141,"column":12},"end":{"line":141,"column":30}},{"start":{"line":141,"column":30},"end":{"line":141,"column":null}}],"line":141},"31":{"loc":{"start":{"line":153,"column":8},"end":{"line":153,"column":40}},"type":"binary-expr","locations":[{"start":{"line":153,"column":8},"end":{"line":153,"column":25}},{"start":{"line":153,"column":25},"end":{"line":153,"column":40}}],"line":153},"32":{"loc":{"start":{"line":156,"column":8},"end":{"line":156,"column":42}},"type":"binary-expr","locations":[{"start":{"line":156,"column":8},"end":{"line":156,"column":26}},{"start":{"line":156,"column":26},"end":{"line":156,"column":42}}],"line":156},"33":{"loc":{"start":{"line":178,"column":28},"end":{"line":178,"column":null}},"type":"binary-expr","locations":[{"start":{"line":178,"column":28},"end":{"line":178,"column":48}},{"start":{"line":178,"column":48},"end":{"line":178,"column":null}}],"line":178},"34":{"loc":{"start":{"line":182,"column":17},"end":{"line":182,"column":50}},"type":"binary-expr","locations":[{"start":{"line":182,"column":17},"end":{"line":182,"column":48}},{"start":{"line":182,"column":48},"end":{"line":182,"column":50}}],"line":182},"35":{"loc":{"start":{"line":184,"column":20},"end":{"line":184,"column":null}},"type":"cond-expr","locations":[{"start":{"line":184,"column":42},"end":{"line":184,"column":69}},{"start":{"line":184,"column":72},"end":{"line":184,"column":null}}],"line":184},"36":{"loc":{"start":{"line":202,"column":15},"end":{"line":202,"column":40}},"type":"binary-expr","locations":[{"start":{"line":202,"column":15},"end":{"line":202,"column":38}},{"start":{"line":202,"column":38},"end":{"line":202,"column":40}}],"line":202},"37":{"loc":{"start":{"line":211,"column":44},"end":{"line":211,"column":67}},"type":"binary-expr","locations":[{"start":{"line":211,"column":44},"end":{"line":211,"column":59}},{"start":{"line":211,"column":59},"end":{"line":211,"column":67}}],"line":211},"38":{"loc":{"start":{"line":211,"column":67},"end":{"line":211,"column":null}},"type":"cond-expr","locations":[{"start":{"line":211,"column":96},"end":{"line":211,"column":102}},{"start":{"line":211,"column":102},"end":{"line":211,"column":null}}],"line":211},"39":{"loc":{"start":{"line":216,"column":12},"end":{"line":230,"column":null}},"type":"cond-expr","locations":[{"start":{"line":217,"column":13},"end":{"line":223,"column":26}},{"start":{"line":223,"column":12},"end":{"line":230,"column":null}}],"line":216},"40":{"loc":{"start":{"line":218,"column":16},"end":{"line":220,"column":null}},"type":"cond-expr","locations":[{"start":{"line":219,"column":19},"end":{"line":219,"column":null}},{"start":{"line":220,"column":19},"end":{"line":220,"column":null}}],"line":218},"41":{"loc":{"start":{"line":218,"column":16},"end":{"line":218,"column":101}},"type":"binary-expr","locations":[{"start":{"line":218,"column":16},"end":{"line":218,"column":31}},{"start":{"line":218,"column":31},"end":{"line":218,"column":101}}],"line":218},"42":{"loc":{"start":{"line":218,"column":76},"end":{"line":218,"column":101}},"type":"binary-expr","locations":[{"start":{"line":218,"column":76},"end":{"line":218,"column":94}},{"start":{"line":218,"column":94},"end":{"line":218,"column":101}}],"line":218},"43":{"loc":{"start":{"line":219,"column":25},"end":{"line":219,"column":48}},"type":"binary-expr","locations":[{"start":{"line":219,"column":25},"end":{"line":219,"column":40}},{"start":{"line":219,"column":40},"end":{"line":219,"column":48}}],"line":219},"44":{"loc":{"start":{"line":220,"column":25},"end":{"line":220,"column":48}},"type":"binary-expr","locations":[{"start":{"line":220,"column":25},"end":{"line":220,"column":40}},{"start":{"line":220,"column":40},"end":{"line":220,"column":48}}],"line":220}},"s":{"0":0,"1":0,"2":0,"3":0,"4":0,"5":0,"6":0,"7":0,"8":0,"9":0,"10":0,"11":0,"12":0,"13":0,"14":0,"15":0,"16":0,"17":0,"18":0,"19":0,"20":0,"21":0,"22":0,"23":0,"24":0,"25":0,"26":0,"27":0,"28":0,"29":0,"30":0,"31":0,"32":0,"33":0,"34":0,"35":0,"36":0,"37":0,"38":0,"39":0,"40":0,"41":0,"42":0,"43":0,"44":0,"45":0,"46":0,"47":0,"48":0,"49":0,"50":0,"51":0,"52":0,"53":0,"54":0,"55":0,"56":0,"57":0,"58":0,"59":0,"60":0,"61":0,"62":0,"63":0,"64":0,"65":0,"66":0,"67":0,"68":0,"69":0,"70":0,"71":0,"72":0,"73":0,"74":0,"75":0},"f":{"0":0,"1":0,"2":0,"3":0,"4":0,"5":0,"6":0,"7":0,"8":0,"9":0,"10":0,"11":0,"12":0,"13":0,"14":0,"15":0,"16":0,"17":0,"18":0,"19":0,"20":0,"21":0,"22":0,"23":0,"24":0,"25":0,"26":0,"27":0,"28":0,"29":0,"30":0},"b":{"0":[0],"1":[0],"2":[0],"3":[0,0],"4":[0,0],"5":[0,0],"6":[0,0],"7":[0,0],"8":[0,0],"9":[0,0],"10":[0,0],"11":[0,0],"12":[0,0],"13":[0,0],"14":[0,0],"15":[0,0,0],"16":[0,0],"17":[0,0],"18":[0,0],"19":[0,0],"20":[0,0],"21":[0,0],"22":[0,0],"23":[0,0],"24":[0,0],"25":[0,0],"26":[0,0],"27":[0,0],"28":[0,0],"29":[0,0],"30":[0,0],"31":[0,0],"32":[0,0],"33":[0,0],"34":[0,0],"35":[0,0],"36":[0,0],"37":[0,0],"38":[0,0],"39":[0,0],"40":[0,0],"41":[0,0],"42":[0,0],"43":[0,0],"44":[0,0]},"meta":{"lastBranch":45,"lastFunction":31,"lastStatement":76,"seen":{"f:3:9:3:24":0,"b:10:12:10:14":0,"b:15:21:15:23":1,"b:16:14:16:Infinity":2,"s:19:22:19:52":0,"s:20:26:20:60":1,"s:21:27:21:65":2,"s:24:23:30:Infinity":3,"f:24:42:24:57":1,"s:25:19:25:21":4,"s:26:4:28:Infinity":5,"f:26:12:26:20":2,"s:27:6:27:Infinity":6,"b:27:29:27:52:27:52:27:Infinity":3,"s:29:4:29:Infinity":7,"s:33:8:52:22":8,"f:33:24:33:38":3,"s:34:20:34:22":9,"s:35:4:50:Infinity":10,"f:35:12:35:20":4,"s:36:24:36:63":11,"b:36:33:36:56:36:56:36:62":4,"b:37:6:47:Infinity:undefined:undefined:undefined:undefined":5,"s:37:6:47:Infinity":12,"b:37:10:37:19:37:19:37:37":6,"s:38:8:47:Infinity":13,"f:38:14:38:22":5,"s:39:24:39:Infinity":14,"b:39:42:39:63:39:66:39:Infinity":7,"b:40:10:44:Infinity:undefined:undefined:undefined:undefined":8,"s:40:10:44:Infinity":15,"b:40:14:40:37:40:37:40:53":9,"b:41:12:44:Infinity:43:19:44:Infinity":10,"s:41:12:44:Infinity":16,"s:42:14:42:Infinity":17,"f:42:20:42:28":6,"s:42:33:42:57":18,"s:44:14:44:Infinity":19,"s:49:6:49:Infinity":20,"b:49:57:49:76:49:64:49:103":11,"f:49:64:49:76":7,"s:49:85:49:103":21,"s:51:4:51:Infinity":22,"s:55:8:90:88":23,"f:55:24:55:38":8,"b:56:4:56:Infinity:undefined:undefined:undefined:undefined":12,"s:56:4:56:Infinity":24,"b:56:8:56:18:56:18:56:38":13,"s:56:38:56:Infinity":25,"s:58:18:58:28":26,"b:61:4:66:Infinity:undefined:undefined:undefined:undefined":14,"s:61:4:66:Infinity":27,"s:62:20:62:45":28,"s:63:6:66:Infinity":29,"f:63:24:63:31":9,"s:64:8:65:64":30,"b:64:8:64:48:65:10:65:24:65:24:65:64":15,"s:70:4:81:Infinity":31,"f:70:12:70:20":10,"s:71:28:71:Infinity":32,"b:72:6:79:Infinity:undefined:undefined:undefined:undefined":16,"s:72:6:79:Infinity":33,"b:72:10:72:27:72:27:72:77":17,"b:72:46:72:69:72:69:72:77":18,"s:73:8:79:Infinity":34,"f:73:26:73:33":11,"s:74:24:74:Infinity":35,"b:74:42:74:63:74:66:74:Infinity":19,"b:75:10:76:Infinity:undefined:undefined:undefined:undefined":20,"s:75:10:76:Infinity":36,"s:76:12:76:Infinity":37,"s:78:10:78:Infinity":38,"b:84:4:86:Infinity:undefined:undefined:undefined:undefined":21,"s:84:4:86:Infinity":39,"s:85:28:85:53":40,"b:85:28:85:51:85:51:85:53":22,"s:86:6:86:Infinity":41,"f:86:24:86:31":12,"s:86:39:86:72":42,"s:89:4:89:Infinity":43,"f:89:19:89:25":13,"s:89:34:89:62":44,"s:93:8:106:Infinity":45,"f:93:8:93:28":14,"s:94:25:94:50":46,"b:94:25:94:48:94:48:94:50":23,"s:95:26:95:61":47,"s:96:32:96:63":48,"b:99:4:100:Infinity:undefined:undefined:undefined:undefined":24,"s:99:4:100:Infinity":49,"b:99:8:99:31:99:31:99:46":25,"s:100:6:100:Infinity":50,"s:103:21:105:36":51,"b:104:9:104:49:105:9:105:36":26,"f:104:22:104:29":15,"s:104:34:104:49":52,"s:106:4:106:Infinity":53,"s:110:8:111:Infinity":54,"f:110:8:110:26":16,"s:111:4:111:Infinity":55,"b:111:12:111:35:111:35:111:37":27,"s:115:8:116:Infinity":56,"f:115:8:115:29":17,"s:116:4:116:Infinity":57,"s:120:8:124:Infinity":58,"f:120:8:120:29":18,"s:121:4:124:Infinity":59,"f:121:4:121:23":19,"s:121:32:124:8":60,"s:128:8:132:Infinity":61,"f:128:8:128:30":20,"s:129:4:132:Infinity":62,"f:129:4:129:20":21,"s:129:29:132:8":63,"b:136:2:142:Infinity:undefined:undefined:undefined:undefined":28,"s:136:2:142:Infinity":64,"b:136:6:136:16:136:16:136:36":29,"s:137:4:142:Infinity":65,"b:141:12:141:30:141:30:141:Infinity":30,"s:148:2:233:Infinity":66,"b:153:8:153:25:153:25:153:40":31,"b:156:8:156:26:156:26:156:42":32,"f:168:12:168:23":22,"s:168:29:168:Infinity":67,"f:173:18:173:22":23,"s:174:11:188:Infinity":68,"b:178:28:178:48:178:48:178:Infinity":33,"f:180:14:180:25":24,"s:180:31:180:79":69,"b:182:17:182:48:182:48:182:50":34,"f:182:52:182:56":25,"s:183:17:185:Infinity":70,"b:184:42:184:69:184:72:184:Infinity":35,"f:197:14:197:25":26,"s:197:31:197:Infinity":71,"b:202:15:202:38:202:38:202:40":36,"b:211:44:211:59:211:59:211:67":37,"b:211:96:211:102:211:102:211:Infinity":38,"b:217:13:223:26:223:12:230:Infinity":39,"b:219:19:219:Infinity:220:19:220:Infinity":40,"b:218:16:218:31:218:31:218:101":41,"f:218:39:218:44":27,"s:218:49:218:101":72,"b:218:76:218:94:218:94:218:101":42,"b:219:25:219:40:219:40:219:48":43,"b:220:25:220:40:220:40:220:48":44,"f:223:26:223:31":28,"s:224:14:230:17":73,"f:228:16:228:32":29,"s:228:32:228:59":74,"f:229:16:229:38":30,"s:229:38:229:Infinity":75}}}
,"/Users/paulgilchrist/Source/dnd-char-sheet/src/components/character-creation/steps-config.js": {"path":"/Users/paulgilchrist/Source/dnd-char-sheet/src/components/character-creation/steps-config.js","statementMap":{"0":{"start":{"line":22,"column":28},"end":{"line":166,"column":null}},"1":{"start":{"line":27,"column":57},"end":{"line":31,"column":null}},"2":{"start":{"line":37,"column":78},"end":{"line":43,"column":null}},"3":{"start":{"line":49,"column":91},"end":{"line":56,"column":null}},"4":{"start":{"line":62,"column":81},"end":{"line":67,"column":null}},"5":{"start":{"line":73,"column":121},"end":{"line":79,"column":null}},"6":{"start":{"line":85,"column":139},"end":{"line":94,"column":null}},"7":{"start":{"line":100,"column":178},"end":{"line":110,"column":null}},"8":{"start":{"line":116,"column":128},"end":{"line":123,"column":null}},"9":{"start":{"line":129,"column":64},"end":{"line":133,"column":null}},"10":{"start":{"line":139,"column":77},"end":{"line":144,"column":null}},"11":{"start":{"line":150,"column":90},"end":{"line":155,"column":null}},"12":{"start":{"line":161,"column":53},"end":{"line":164,"column":null}},"13":{"start":{"line":171,"column":13},"end":{"line":171,"column":null}},"14":{"start":{"line":171,"column":35},"end":{"line":171,"column":null}},"15":{"start":{"line":176,"column":13},"end":{"line":176,"column":98}},"16":{"start":{"line":176,"column":45},"end":{"line":176,"column":98}},"17":{"start":{"line":176,"column":73},"end":{"line":176,"column":98}}},"fnMap":{"0":{"name":"(anonymous_0)","decl":{"start":{"line":27,"column":4},"end":{"line":27,"column":15}},"loc":{"start":{"line":27,"column":57},"end":{"line":31,"column":null}},"line":27},"1":{"name":"(anonymous_1)","decl":{"start":{"line":37,"column":4},"end":{"line":37,"column":15}},"loc":{"start":{"line":37,"column":78},"end":{"line":43,"column":null}},"line":37},"2":{"name":"(anonymous_2)","decl":{"start":{"line":49,"column":4},"end":{"line":49,"column":15}},"loc":{"start":{"line":49,"column":91},"end":{"line":56,"column":null}},"line":49},"3":{"name":"(anonymous_3)","decl":{"start":{"line":62,"column":4},"end":{"line":62,"column":15}},"loc":{"start":{"line":62,"column":81},"end":{"line":67,"column":null}},"line":62},"4":{"name":"(anonymous_4)","decl":{"start":{"line":73,"column":4},"end":{"line":73,"column":15}},"loc":{"start":{"line":73,"column":121},"end":{"line":79,"column":null}},"line":73},"5":{"name":"(anonymous_5)","decl":{"start":{"line":85,"column":4},"end":{"line":85,"column":15}},"loc":{"start":{"line":85,"column":139},"end":{"line":94,"column":null}},"line":85},"6":{"name":"(anonymous_6)","decl":{"start":{"line":100,"column":4},"end":{"line":100,"column":15}},"loc":{"start":{"line":100,"column":178},"end":{"line":110,"column":null}},"line":100},"7":{"name":"(anonymous_7)","decl":{"start":{"line":116,"column":4},"end":{"line":116,"column":15}},"loc":{"start":{"line":116,"column":128},"end":{"line":123,"column":null}},"line":116},"8":{"name":"(anonymous_8)","decl":{"start":{"line":129,"column":4},"end":{"line":129,"column":15}},"loc":{"start":{"line":129,"column":64},"end":{"line":133,"column":null}},"line":129},"9":{"name":"(anonymous_9)","decl":{"start":{"line":139,"column":4},"end":{"line":139,"column":15}},"loc":{"start":{"line":139,"column":77},"end":{"line":144,"column":null}},"line":139},"10":{"name":"(anonymous_10)","decl":{"start":{"line":150,"column":4},"end":{"line":150,"column":15}},"loc":{"start":{"line":150,"column":90},"end":{"line":155,"column":null}},"line":150},"11":{"name":"(anonymous_11)","decl":{"start":{"line":161,"column":4},"end":{"line":161,"column":15}},"loc":{"start":{"line":161,"column":53},"end":{"line":164,"column":null}},"line":161},"12":{"name":"(anonymous_12)","decl":{"start":{"line":171,"column":13},"end":{"line":171,"column":35}},"loc":{"start":{"line":171,"column":35},"end":{"line":171,"column":null}},"line":171},"13":{"name":"(anonymous_13)","decl":{"start":{"line":176,"column":13},"end":{"line":176,"column":30}},"loc":{"start":{"line":176,"column":45},"end":{"line":176,"column":98}},"line":176},"14":{"name":"(anonymous_14)","decl":{"start":{"line":176,"column":58},"end":{"line":176,"column":64}},"loc":{"start":{"line":176,"column":73},"end":{"line":176,"column":98}},"line":176}},"branchMap":{},"s":{"0":1,"1":0,"2":0,"3":0,"4":0,"5":0,"6":0,"7":0,"8":0,"9":0,"10":0,"11":0,"12":0,"13":1,"14":0,"15":1,"16":0,"17":0},"f":{"0":0,"1":0,"2":0,"3":0,"4":0,"5":0,"6":0,"7":0,"8":0,"9":0,"10":0,"11":0,"12":0,"13":0,"14":0},"b":{},"meta":{"lastBranch":0,"lastFunction":15,"lastStatement":18,"seen":{"s:22:28:166:Infinity":0,"f:27:4:27:15":0,"s:27:57:31:Infinity":1,"f:37:4:37:15":1,"s:37:78:43:Infinity":2,"f:49:4:49:15":2,"s:49:91:56:Infinity":3,"f:62:4:62:15":3,"s:62:81:67:Infinity":4,"f:73:4:73:15":4,"s:73:121:79:Infinity":5,"f:85:4:85:15":5,"s:85:139:94:Infinity":6,"f:100:4:100:15":6,"s:100:178:110:Infinity":7,"f:116:4:116:15":7,"s:116:128:123:Infinity":8,"f:129:4:129:15":8,"s:129:64:133:Infinity":9,"f:139:4:139:15":9,"s:139:77:144:Infinity":10,"f:150:4:150:15":10,"s:150:90:155:Infinity":11,"f:161:4:161:15":11,"s:161:53:164:Infinity":12,"s:171:13:171:Infinity":13,"f:171:13:171:35":12,"s:171:35:171:Infinity":14,"s:176:13:176:98":15,"f:176:13:176:30":13,"s:176:45:176:98":16,"f:176:58:176:64":14,"s:176:73:176:98":17}}}
,"/Users/paulgilchrist/Source/dnd-char-sheet/src/components/character-creation/use-wizard-abilities.js": {"path":"/Users/paulgilchrist/Source/dnd-char-sheet/src/components/character-creation/use-wizard-abilities.js","statementMap":{"0":{"start":{"line":5,"column":2},"end":{"line":47,"column":null}},"1":{"start":{"line":6,"column":30},"end":{"line":42,"column":null}},"2":{"start":{"line":7,"column":6},"end":{"line":42,"column":null}},"3":{"start":{"line":8,"column":30},"end":{"line":8,"column":32}},"4":{"start":{"line":9,"column":22},"end":{"line":9,"column":68}},"5":{"start":{"line":10,"column":31},"end":{"line":10,"column":null}},"6":{"start":{"line":12,"column":8},"end":{"line":36,"column":null}},"7":{"start":{"line":13,"column":28},"end":{"line":13,"column":null}},"8":{"start":{"line":14,"column":31},"end":{"line":14,"column":null}},"9":{"start":{"line":15,"column":23},"end":{"line":15,"column":null}},"10":{"start":{"line":16,"column":29},"end":{"line":16,"column":null}},"11":{"start":{"line":18,"column":23},"end":{"line":18,"column":null}},"12":{"start":{"line":19,"column":10},"end":{"line":19,"column":null}},"13":{"start":{"line":21,"column":10},"end":{"line":22,"column":null}},"14":{"start":{"line":22,"column":12},"end":{"line":22,"column":null}},"15":{"start":{"line":24,"column":10},"end":{"line":25,"column":null}},"16":{"start":{"line":25,"column":12},"end":{"line":25,"column":null}},"17":{"start":{"line":27,"column":10},"end":{"line":28,"column":null}},"18":{"start":{"line":28,"column":12},"end":{"line":28,"column":null}},"19":{"start":{"line":30,"column":10},"end":{"line":31,"column":null}},"20":{"start":{"line":31,"column":12},"end":{"line":31,"column":null}},"21":{"start":{"line":33,"column":10},"end":{"line":34,"column":null}},"22":{"start":{"line":34,"column":12},"end":{"line":34,"column":null}},"23":{"start":{"line":38,"column":8},"end":{"line":39,"column":null}},"24":{"start":{"line":39,"column":10},"end":{"line":39,"column":null}},"25":{"start":{"line":42,"column":8},"end":{"line":42,"column":null}},"26":{"start":{"line":42,"column":27},"end":{"line":42,"column":58}},"27":{"start":{"line":46,"column":4},"end":{"line":46,"column":null}},"28":{"start":{"line":49,"column":8},"end":{"line":58,"column":26}},"29":{"start":{"line":50,"column":18},"end":{"line":50,"column":64}},"30":{"start":{"line":51,"column":4},"end":{"line":57,"column":null}},"31":{"start":{"line":52,"column":6},"end":{"line":53,"column":null}},"32":{"start":{"line":53,"column":8},"end":{"line":53,"column":null}},"33":{"start":{"line":55,"column":24},"end":{"line":55,"column":null}},"34":{"start":{"line":56,"column":6},"end":{"line":56,"column":null}},"35":{"start":{"line":60,"column":2},"end":{"line":62,"column":null}}},"fnMap":{"0":{"name":"useWizardAbilities","decl":{"start":{"line":4,"column":9},"end":{"line":4,"column":28}},"loc":{"start":{"line":4,"column":62},"end":{"line":62,"column":null}},"line":4},"1":{"name":"(anonymous_1)","decl":{"start":{"line":5,"column":2},"end":{"line":5,"column":18}},"loc":{"start":{"line":5,"column":18},"end":{"line":47,"column":11}},"line":5},"2":{"name":"(anonymous_2)","decl":{"start":{"line":6,"column":30},"end":{"line":6,"column":42}},"loc":{"start":{"line":6,"column":42},"end":{"line":42,"column":null}},"line":6},"3":{"name":"(anonymous_3)","decl":{"start":{"line":12,"column":27},"end":{"line":12,"column":36}},"loc":{"start":{"line":12,"column":55},"end":{"line":36,"column":null}},"line":12},"4":{"name":"(anonymous_4)","decl":{"start":{"line":42,"column":8},"end":{"line":42,"column":18}},"loc":{"start":{"line":42,"column":27},"end":{"line":42,"column":58}},"line":42},"5":{"name":"(anonymous_5)","decl":{"start":{"line":49,"column":48},"end":{"line":49,"column":55}},"loc":{"start":{"line":49,"column":93},"end":{"line":58,"column":10}},"line":49},"6":{"name":"(anonymous_6)","decl":{"start":{"line":51,"column":21},"end":{"line":51,"column":29}},"loc":{"start":{"line":51,"column":49},"end":{"line":57,"column":13}},"line":51}},"branchMap":{"0":{"loc":{"start":{"line":7,"column":6},"end":{"line":42,"column":null}},"type":"if","locations":[{"start":{"line":7,"column":6},"end":{"line":42,"column":null}},{"start":{},"end":{}}],"line":7},"1":{"loc":{"start":{"line":9,"column":45},"end":{"line":9,"column":68}},"type":"binary-expr","locations":[{"start":{"line":9,"column":45},"end":{"line":9,"column":63}},{"start":{"line":9,"column":63},"end":{"line":9,"column":68}}],"line":9},"2":{"loc":{"start":{"line":13,"column":28},"end":{"line":13,"column":null}},"type":"binary-expr","locations":[{"start":{"line":13,"column":28},"end":{"line":13,"column":55}},{"start":{"line":13,"column":59},"end":{"line":13,"column":null}}],"line":13},"3":{"loc":{"start":{"line":14,"column":31},"end":{"line":14,"column":null}},"type":"binary-expr","locations":[{"start":{"line":14,"column":31},"end":{"line":14,"column":68}},{"start":{"line":14,"column":72},"end":{"line":14,"column":null}}],"line":14},"4":{"loc":{"start":{"line":15,"column":23},"end":{"line":15,"column":null}},"type":"binary-expr","locations":[{"start":{"line":15,"column":23},"end":{"line":15,"column":50}},{"start":{"line":15,"column":54},"end":{"line":15,"column":null}}],"line":15},"5":{"loc":{"start":{"line":18,"column":23},"end":{"line":18,"column":null}},"type":"binary-expr","locations":[{"start":{"line":18,"column":23},"end":{"line":18,"column":43}},{"start":{"line":18,"column":43},"end":{"line":18,"column":null}}],"line":18},"6":{"loc":{"start":{"line":21,"column":10},"end":{"line":22,"column":null}},"type":"if","locations":[{"start":{"line":21,"column":10},"end":{"line":22,"column":null}},{"start":{},"end":{}}],"line":21},"7":{"loc":{"start":{"line":24,"column":10},"end":{"line":25,"column":null}},"type":"if","locations":[{"start":{"line":24,"column":10},"end":{"line":25,"column":null}},{"start":{},"end":{}}],"line":24},"8":{"loc":{"start":{"line":27,"column":10},"end":{"line":28,"column":null}},"type":"if","locations":[{"start":{"line":27,"column":10},"end":{"line":28,"column":null}},{"start":{},"end":{}}],"line":27},"9":{"loc":{"start":{"line":30,"column":10},"end":{"line":31,"column":null}},"type":"if","locations":[{"start":{"line":30,"column":10},"end":{"line":31,"column":null}},{"start":{},"end":{}}],"line":30},"10":{"loc":{"start":{"line":33,"column":10},"end":{"line":34,"column":null}},"type":"if","locations":[{"start":{"line":33,"column":10},"end":{"line":34,"column":null}},{"start":{},"end":{}}],"line":33},"11":{"loc":{"start":{"line":38,"column":8},"end":{"line":39,"column":null}},"type":"if","locations":[{"start":{"line":38,"column":8},"end":{"line":39,"column":null}},{"start":{},"end":{}}],"line":38},"12":{"loc":{"start":{"line":50,"column":41},"end":{"line":50,"column":64}},"type":"binary-expr","locations":[{"start":{"line":50,"column":41},"end":{"line":50,"column":59}},{"start":{"line":50,"column":59},"end":{"line":50,"column":64}}],"line":50},"13":{"loc":{"start":{"line":52,"column":6},"end":{"line":53,"column":null}},"type":"if","locations":[{"start":{"line":52,"column":6},"end":{"line":53,"column":null}},{"start":{},"end":{}}],"line":52},"14":{"loc":{"start":{"line":53,"column":22},"end":{"line":53,"column":null}},"type":"binary-expr","locations":[{"start":{"line":53,"column":22},"end":{"line":53,"column":45}},{"start":{"line":53,"column":45},"end":{"line":53,"column":null}}],"line":53},"15":{"loc":{"start":{"line":55,"column":24},"end":{"line":55,"column":null}},"type":"binary-expr","locations":[{"start":{"line":55,"column":24},"end":{"line":55,"column":51}},{"start":{"line":55,"column":55},"end":{"line":55,"column":null}}],"line":55},"16":{"loc":{"start":{"line":56,"column":20},"end":{"line":56,"column":null}},"type":"binary-expr","locations":[{"start":{"line":56,"column":20},"end":{"line":56,"column":40}},{"start":{"line":56,"column":40},"end":{"line":56,"column":null}}],"line":56}},"s":{"0":0,"1":0,"2":0,"3":0,"4":0,"5":0,"6":0,"7":0,"8":0,"9":0,"10":0,"11":0,"12":0,"13":0,"14":0,"15":0,"16":0,"17":0,"18":0,"19":0,"20":0,"21":0,"22":0,"23":0,"24":0,"25":0,"26":0,"27":0,"28":0,"29":0,"30":0,"31":0,"32":0,"33":0,"34":0,"35":0},"f":{"0":0,"1":0,"2":0,"3":0,"4":0,"5":0,"6":0},"b":{"0":[0,0],"1":[0,0],"2":[0,0],"3":[0,0],"4":[0,0],"5":[0,0],"6":[0,0],"7":[0,0],"8":[0,0],"9":[0,0],"10":[0,0],"11":[0,0],"12":[0,0],"13":[0,0],"14":[0,0],"15":[0,0],"16":[0,0]},"meta":{"lastBranch":17,"lastFunction":7,"lastStatement":36,"seen":{"f:4:9:4:28":0,"s:5:2:47:Infinity":0,"f:5:2:5:18":1,"s:6:30:42:Infinity":1,"f:6:30:6:42":2,"b:7:6:42:Infinity:undefined:undefined:undefined:undefined":0,"s:7:6:42:Infinity":2,"s:8:30:8:32":3,"s:9:22:9:68":4,"b:9:45:9:63:9:63:9:68":1,"s:10:31:10:Infinity":5,"s:12:8:36:Infinity":6,"f:12:27:12:36":3,"s:13:28:13:Infinity":7,"b:13:28:13:55:13:59:13:Infinity":2,"s:14:31:14:Infinity":8,"b:14:31:14:68:14:72:14:Infinity":3,"s:15:23:15:Infinity":9,"b:15:23:15:50:15:54:15:Infinity":4,"s:16:29:16:Infinity":10,"s:18:23:18:Infinity":11,"b:18:23:18:43:18:43:18:Infinity":5,"s:19:10:19:Infinity":12,"b:21:10:22:Infinity:undefined:undefined:undefined:undefined":6,"s:21:10:22:Infinity":13,"s:22:12:22:Infinity":14,"b:24:10:25:Infinity:undefined:undefined:undefined:undefined":7,"s:24:10:25:Infinity":15,"s:25:12:25:Infinity":16,"b:27:10:28:Infinity:undefined:undefined:undefined:undefined":8,"s:27:10:28:Infinity":17,"s:28:12:28:Infinity":18,"b:30:10:31:Infinity:undefined:undefined:undefined:undefined":9,"s:30:10:31:Infinity":19,"s:31:12:31:Infinity":20,"b:33:10:34:Infinity:undefined:undefined:undefined:undefined":10,"s:33:10:34:Infinity":21,"s:34:12:34:Infinity":22,"b:38:8:39:Infinity:undefined:undefined:undefined:undefined":11,"s:38:8:39:Infinity":23,"s:39:10:39:Infinity":24,"s:42:8:42:Infinity":25,"f:42:8:42:18":4,"s:42:27:42:58":26,"s:46:4:46:Infinity":27,"s:49:8:58:26":28,"f:49:48:49:55":5,"s:50:18:50:64":29,"b:50:41:50:59:50:59:50:64":12,"s:51:4:57:Infinity":30,"f:51:21:51:29":6,"b:52:6:53:Infinity:undefined:undefined:undefined:undefined":13,"s:52:6:53:Infinity":31,"s:53:8:53:Infinity":32,"b:53:22:53:45:53:45:53:Infinity":14,"s:55:24:55:Infinity":33,"b:55:24:55:51:55:55:55:Infinity":15,"s:56:6:56:Infinity":34,"b:56:20:56:40:56:40:56:Infinity":16,"s:60:2:62:Infinity":35}}}
[...]
locations":[{"start":{"line":283,"column":2},"end":{"line":289,"column":null}},{"start":{},"end":{}}],"line":283},"50":{"loc":{"start":{"line":293,"column":2},"end":{"line":305,"column":null}},"type":"if","locations":[{"start":{"line":293,"column":2},"end":{"line":305,"column":null}},{"start":{},"end":{}}],"line":293},"51":{"loc":{"start":{"line":293,"column":6},"end":{"line":293,"column":51}},"type":"binary-expr","locations":[{"start":{"line":293,"column":6},"end":{"line":293,"column":24}},{"start":{"line":293,"column":24},"end":{"line":293,"column":51}}],"line":293},"52":{"loc":{"start":{"line":298,"column":6},"end":{"line":303,"column":null}},"type":"if","locations":[{"start":{"line":298,"column":6},"end":{"line":303,"column":null}},{"start":{},"end":{}}],"line":298},"53":{"loc":{"start":{"line":319,"column":74},"end":{"line":319,"column":90}},"type":"default-arg","locations":[{"start":{"line":319,"column":84},"end":{"line":319,"column":90}}],"line":319},"54":{"loc":{"start":{"line":321,"column":29},"end":{"line":321,"column":49}},"type":"binary-expr","locations":[{"start":{"line":321,"column":29},"end":{"line":321,"column":47}},{"start":{"line":321,"column":47},"end":{"line":321,"column":49}}],"line":321},"55":{"loc":{"start":{"line":323,"column":2},"end":{"line":324,"column":null}},"type":"if","locations":[{"start":{"line":323,"column":2},"end":{"line":324,"column":null}},{"start":{},"end":{}}],"line":323},"56":{"loc":{"start":{"line":334,"column":2},"end":{"line":334,"column":null}},"type":"if","locations":[{"start":{"line":334,"column":2},"end":{"line":334,"column":null}},{"start":{},"end":{}}],"line":334},"57":{"loc":{"start":{"line":355,"column":42},"end":{"line":355,"column":88}},"type":"binary-expr","locations":[{"start":{"line":355,"column":42},"end":{"line":355,"column":66}},{"start":{"line":355,"column":66},"end":{"line":355,"column":88}}],"line":355},"58":{"loc":{"start":{"line":356,"column":4},"end":{"line":361,"column":null}},"type":"if","locations":[{"start":{"line":356,"column":4},"end":{"line":361,"column":null}},{"start":{},"end":{}}],"line":356},"59":{"loc":{"start":{"line":364,"column":25},"end":{"line":364,"column":48}},"type":"binary-expr","locations":[{"start":{"line":364,"column":25},"end":{"line":364,"column":46}},{"start":{"line":364,"column":46},"end":{"line":364,"column":48}}],"line":364},"60":{"loc":{"start":{"line":365,"column":23},"end":{"line":365,"column":null}},"type":"cond-expr","locations":[{"start":{"line":365,"column":55},"end":{"line":365,"column":73}},{"start":{"line":365,"column":73},"end":{"line":365,"column":null}}],"line":365},"61":{"loc":{"start":{"line":372,"column":4},"end":{"line":373,"column":null}},"type":"if","locations":[{"start":{"line":372,"column":4},"end":{"line":373,"column":null}},{"start":{},"end":{}}],"line":372},"62":{"loc":{"start":{"line":372,"column":8},"end":{"line":372,"column":42}},"type":"binary-expr","locations":[{"start":{"line":372,"column":8},"end":{"line":372,"column":25}},{"start":{"line":372,"column":25},"end":{"line":372,"column":42}}],"line":372},"63":{"loc":{"start":{"line":378,"column":2},"end":{"line":384,"column":null}},"type":"if","locations":[{"start":{"line":378,"column":2},"end":{"line":384,"column":null}},{"start":{},"end":{}}],"line":378},"64":{"loc":{"start":{"line":380,"column":22},"end":{"line":380,"column":null}},"type":"cond-expr","locations":[{"start":{"line":380,"column":36},"end":{"line":380,"column":46}},{"start":{"line":380,"column":46},"end":{"line":380,"column":null}}],"line":380},"65":{"loc":{"start":{"line":402,"column":2},"end":{"line":403,"column":null}},"type":"if","locations":[{"start":{"line":402,"column":2},"end":{"line":403,"column":null}},{"start":{},"end":{}}],"line":402},"66":{"loc":{"start":{"line":402,"column":6},"end":{"line":402,"column":90}},"type":"binary-expr","locations":[{"start":{"line":402,"column":6},"end":{"line":402,"column":45}},{"start":{"line":402,"column":49},"end":{"line":402,"column":90}}],"line":402},"67":{"loc":{"start":{"line":405,"column":2},"end":{"line":406,"column":null}},"type":"if","locations":[{"start":{"line":405,"column":2},"end":{"line":406,"column":null}},{"start":{},"end":{}}],"line":405},"68":{"loc":{"start":{"line":405,"column":6},"end":{"line":405,"column":102}},"type":"binary-expr","locations":[{"start":{"line":405,"column":6},"end":{"line":405,"column":51}},{"start":{"line":405,"column":55},"end":{"line":405,"column":102}}],"line":405},"69":{"loc":{"start":{"line":408,"column":2},"end":{"line":409,"column":null}},"type":"if","locations":[{"start":{"line":408,"column":2},"end":{"line":409,"column":null}},{"start":{},"end":{}}],"line":408},"70":{"loc":{"start":{"line":408,"column":6},"end":{"line":408,"column":106}},"type":"binary-expr","locations":[{"start":{"line":408,"column":6},"end":{"line":408,"column":53}},{"start":{"line":408,"column":57},"end":{"line":408,"column":106}}],"line":408},"71":{"loc":{"start":{"line":422,"column":82},"end":{"line":422,"column":98}},"type":"default-arg","locations":[{"start":{"line":422,"column":92},"end":{"line":422,"column":98}}],"line":422},"72":{"loc":{"start":{"line":429,"column":16},"end":{"line":429,"column":null}},"type":"binary-expr","locations":[{"start":{"line":429,"column":16},"end":{"line":429,"column":42}},{"start":{"line":429,"column":42},"end":{"line":429,"column":null}}],"line":429}},"s":{"0":2,"1":2,"2":2,"3":2,"4":1,"5":1,"6":9,"7":9,"8":5,"9":4,"10":3,"11":3,"12":2,"13":2,"14":3,"15":0,"16":0,"17":0,"18":1,"19":1,"20":1,"21":1,"22":1,"23":0,"24":0,"25":0,"26":4,"27":4,"28":0,"29":4,"30":4,"31":5,"32":5,"33":5,"34":5,"35":2,"36":2,"37":3,"38":3,"39":3,"40":4,"41":4,"42":0,"43":0,"44":0,"45":8,"46":8,"47":6,"48":2,"49":8,"50":1,"51":1,"52":8,"53":3,"54":3,"55":0,"56":3,"57":3,"58":3,"59":1,"60":1,"61":1,"62":1,"63":3,"64":1,"65":1,"66":1,"67":3,"68":1,"69":1,"70":1,"71":3,"72":0,"73":3,"74":0,"75":0,"76":0,"77":0,"78":3,"79":15,"80":15,"81":15,"82":15,"83":3,"84":15,"85":3,"86":2,"87":0,"88":3,"89":3,"90":15,"91":9,"92":9,"93":4,"94":9,"95":9,"96":9,"97":15,"98":8,"99":8,"100":2,"101":8,"102":8,"103":8,"104":15,"105":3,"106":3,"107":3,"108":3,"109":3,"110":3,"111":3,"112":3,"113":3,"114":15,"115":7,"116":7,"117":7,"118":2,"119":5,"120":5,"121":5,"122":5,"123":1,"124":5,"125":0,"126":5,"127":0,"128":5,"129":0,"130":5,"131":0,"132":5,"133":0,"134":5,"135":5,"136":6,"137":6,"138":6,"139":1,"140":1,"141":5,"142":6,"143":6,"144":6,"145":6,"146":1,"147":5,"148":1,"149":1,"150":1,"151":5,"152":2,"153":0,"154":0,"155":0,"156":0,"157":0,"158":0,"159":0,"160":2,"161":2,"162":2},"f":{"0":2,"1":2,"2":9,"3":2,"4":0,"5":1,"6":0,"7":4,"8":8,"9":1,"10":3,"11":0,"12":15,"13":3,"14":2,"15":0,"16":4,"17":2,"18":3,"19":3,"20":7,"21":1,"22":0,"23":0,"24":0,"25":0,"26":0,"27":6,"28":2,"29":0,"30":2},"b":{"0":[2],"1":[2,1],"2":[1,1],"3":[9],"4":[5,4],"5":[3,1],"6":[3,0],"7":[2,0,0],"8":[0,3],"9":[0,0,0],"10":[1,0],"11":[1,0],"12":[0,0],"13":[0,1],"14":[0,0],"15":[0,0],"16":[0,4],"17":[2,3],"18":[2,0],"19":[3,0],"20":[3,0],"21":[0,0],"22":[0,0],"23":[8],"24":[6,2],"25":[2,0,0],"26":[1,0],"27":[0,0,0],"28":[3],"29":[0,3],"30":[3,0],"31":[0,3],"32":[3,3,3],"33":[1,2],"34":[1,2],"35":[1,2],"36":[0,3],"37":[3,3],"38":[0,3],"39":[0,0],"40":[0,0],"41":[15],"42":[15,0],"43":[15,6],"44":[15,7],"45":[15,0],"46":[3,12],"47":[3,1],"48":[9,6],"49":[8,7],"50":[3,12],"51":[15,3],"52":[3,0],"53":[7],"54":[7,0],"55":[2,5],"56":[2,3],"57":[6,1],"58":[1,5],"59":[5,0],"60":[5,0],"61":[1,5],"62":[6,2],"63":[1,4],"64":[1,0],"65":[0,0],"66":[0,0],"67":[0,0],"68":[0,0],"69":[0,0],"70":[0,0],"71":[2],"72":[2,1]},"meta":{"lastBranch":73,"lastFunction":31,"lastStatement":163,"seen":{"f:15:22:15:40":0,"b:15:61:15:67":0,"s:16:20:16:48":0,"s:17:16:17:96":1,"f:17:26:17:31":1,"s:17:36:17:95":2,"b:17:36:17:60:17:60:17:95":1,"b:19:2:20:Infinity:undefined:undefined:undefined:undefined":2,"s:19:2:20:Infinity":3,"s:20:4:20:Infinity":4,"s:26:2:26:Infinity":5,"f:35:9:35:27":2,"b:35:47:35:53":3,"s:36:17:36:Infinity":6,"b:38:2:39:Infinity:undefined:undefined:undefined:undefined":4,"s:38:2:39:Infinity":7,"s:39:4:39:Infinity":8,"b:43:2:73:Infinity:59:9:73:Infinity":5,"s:43:2:73:Infinity":9,"b:45:4:49:Infinity:undefined:undefined:undefined:undefined":6,"s:45:4:49:Infinity":10,"s:46:6:49:Infinity":11,"f:46:22:46:30":3,"s:47:21:47:Infinity":12,"b:47:21:47:42:47:42:47:56:47:56:47:Infinity":7,"s:48:8:48:Infinity":13,"b:53:4:57:Infinity:undefined:undefined:undefined:undefined":8,"s:53:4:57:Infinity":14,"s:54:6:57:Infinity":15,"f:54:24:54:32":4,"s:55:21:55:Infinity":16,"b:55:21:55:44:55:44:55:60:55:60:55:Infinity":9,"s:56:8:56:Infinity":17,"b:61:4:65:Infinity:undefined:undefined:undefined:undefined":10,"s:61:4:65:Infinity":18,"s:62:6:65:Infinity":19,"f:62:22:62:30":5,"s:63:21:63:Infinity":20,"b:63:49:63:69:63:73:63:Infinity":11,"b:63:73:63:87:63:87:63:Infinity":12,"s:64:8:64:Infinity":21,"b:69:4:73:Infinity:undefined:undefined:undefined:undefined":13,"s:69:4:73:Infinity":22,"s:70:6:73:Infinity":23,"f:70:24:70:32":6,"s:71:21:71:Infinity":24,"b:71:51:71:73:71:77:71:Infinity":14,"b:71:77:71:93:71:93:71:Infinity":15,"s:72:8:72:Infinity":25,"s:77:2:77:Infinity":26,"f:86:9:86:38":7,"b:87:2:87:Infinity:undefined:undefined:undefined:undefined":16,"s:87:2:87:Infinity":27,"s:87:20:87:Infinity":28,"s:91:20:91:Infinity":29,"s:94:2:117:Infinity":30,"s:95:22:95:37":31,"s:99:26:103:Infinity":32,"s:105:24:109:Infinity":33,"b:111:4:117:Infinity:115:15:117:Infinity":17,"s:111:4:117:Infinity":34,"b:112:6:113:Infinity:undefined:undefined:undefined:undefined":18,"s:112:6:113:Infinity":35,"s:113:8:113:Infinity":36,"b:115:15:117:Infinity:undefined:undefined:undefined:undefined":19,"s:115:15:117:Infinity":37,"b:116:6:117:Infinity:undefined:undefined:undefined:undefined":20,"s:116:6:117:Infinity":38,"s:117:8:117:Infinity":39,"s:123:25:123:Infinity":40,"s:124:2:127:Infinity":41,"s:125:22:125:37":42,"b:126:4:127:Infinity:undefined:undefined:undefined:undefined":21,"s:126:4:127:Infinity":43,"b:126:8:126:44:126:48:126:82":22,"s:127:6:127:Infinity":44,"f:138:9:138:33":8,"b:138:59:138:65":23,"s:139:17:139:Infinity":45,"b:141:2:142:Infinity:undefined:undefined:undefined:undefined":24,"s:141:2:142:Infinity":46,"s:142:4:142:Infinity":47,"s:146:19:146:73":48,"b:146:19:146:46:146:46:146:71:146:71:146:73":25,"s:147:2:151:Infinity":49,"f:147:11:147:19":9,"s:148:17:149:Infinity":50,"b:148:47:148:69:149:17:149:Infinity":26,"b:149:17:149:40:149:40:149:56:149:56:149:Infinity":27,"s:150:4:150:Infinity":51,"s:153:2:153:Infinity":52,"f:162:9:162:27":10,"b:162:47:162:53":28,"s:163:17:169:Infinity":53,"b:171:2:172:Infinity:undefined:undefined:undefined:undefined":29,"s:171:2:172:Infinity":54,"s:172:4:172:Infinity":55,"s:175:19:175:Infinity":56,"b:175:19:175:36:175:36:175:Infinity":30,"s:176:15:177:Infinity":57,"b:176:46:176:69:177:15:177:Infinity":31,"b:177:15:177:39:177:39:177:56:177:56:177:Infinity":32,"b:180:2:185:Infinity:undefined:undefined:undefined:undefined":33,"s:180:2:185:Infinity":58,"s:182:4:182:Infinity":59,"s:183:4:183:Infinity":60,"s:184:4:184:Infinity":61,"s:185:4:185:Infinity":62,"b:189:2:193:Infinity:undefined:undefined:undefined:undefined":34,"s:189:2:193:Infinity":63,"s:191:4:191:Infinity":64,"s:192:4:192:Infinity":65,"s:193:4:193:Infinity":66,"b:197:2:201:Infinity:undefined:undefined:undefined:undefined":35,"s:197:2:201:Infinity":67,"s:199:4:199:Infinity":68,"s:200:4:200:Infinity":69,"s:201:4:201:Infinity":70,"b:210:2:211:Infinity:undefined:undefined:undefined:undefined":36,"s:210:2:211:Infinity":71,"b:210:6:210:30:210:34:210:56":37,"s:211:4:211:Infinity":72,"b:215:2:221:Infinity:undefined:undefined:undefined:undefined":38,"s:215:2:221:Infinity":73,"s:216:4:221:Infinity":74,"f:216:22:216:30":11,"b:217:6:219:Infinity:undefined:undefined:undefined:undefined":39,"s:217:6:219:Infinity":75,"s:218:28:218:Infinity":76,"b:218:28:218:51:218:51:218:Infinity":40,"s:219:8:219:Infinity":77,"s:224:2:224:Infinity":78,"f:233:22:233:38":12,"b:233:58:233:64":41,"s:234:18:255:Infinity":79,"b:236:12:236:36:236:36:236:Infinity":42,"b:241:12:241:35:241:35:241:Infinity":43,"b:246:12:246:41:246:41:246:Infinity":44,"b:258:2:268:Infinity:undefined:undefined:undefined:undefined":45,"s:258:2:268:Infinity":80,"s:259:20:259:48":81,"s:260:22:260:71":82,"f:260:30:260:35":13,"s:260:40:260:71":83,"b:262:4:268:Infinity:undefined:undefined:undefined:undefined":46,"s:262:4:268:Infinity":84,"s:264:30:265:95":85,"b:264:30:264:87:265:28:265:95":47,"f:264:54:264:59":14,"s:264:68:264:87":86,"f:265:58:265:63":15,"s:265:74:265:95":87,"s:267:6:267:Infinity":88,"s:268:6:268:Infinity":89,"b:273:2:279:Infinity:undefined:undefined:undefined:undefined":48,"s:273:2:279:Infinity":90,"s:274:18:274:45":91,"s:275:21:275:67":92,"f:275:27:275:32":16,"s:275:37:275:67":93,"s:276:23:276:59":94,"s:278:4:278:Infinity":95,"s:279:4:279:Infinity":96,"b:283:2:289:Infinity:undefined:undefined:undefined:undefined":49,"s:283:2:289:Infinity":97,"s:284:24:284:57":98,"s:285:27:285:85":99,"f:285:39:285:44":17,"s:285:49:285:85":100,"s:286:29:286:77":101,"s:288:4:288:Infinity":102,"s:289:4:289:Infinity":103,"b:293:2:305:Infinity:undefined:undefined:undefined:undefined":50,"s:293:2:305:Infinity":104,"b:293:6:293:24:293:24:293:51":51,"s:294:18:294:45":105,"s:296:4:305:Infinity":106,"f:296:19:296:27":18,"s:297:23:297:59":107,"f:297:29:297:34":19,"s:297:39:297:59":108,"b:298:6:303:Infinity:undefined:undefined:undefined:undefined":52,"s:298:6:303:Infinity":109,"s:299:27:299:63":110,"s:301:8:301:Infinity":111,"s:302:8:302:Infinity":112,"s:303:8:303:Infinity":113,"s:308:2:308:Infinity":114,"f:319:22:319:37":20,"b:319:84:319:90":53,"s:320:19:320:21":115,"s:321:29:321:49":116,"b:321:29:321:47:321:47:321:49":54,"b:323:2:324:Infinity:undefined:undefined:undefined:undefined":55,"s:323:2:324:Infinity":117,"s:324:4:324:Infinity":118,"s:328:18:328:58":119,"s:331:24:331:33":120,"b:334:2:334:Infinity:undefined:undefined:undefined:undefined":56,"s:334:2:334:Infinity":121,"s:340:2:340:Infinity":122,"f:340:22:340:30":21,"s:340:39:340:63":123,"s:341:2:341:Infinity":124,"f:341:24:341:32":22,"s:341:41:341:65":125,"s:344:2:344:Infinity":126,"f:344:28:344:36":23,"s:344:45:344:69":127,"s:345:2:345:Infinity":128,"f:345:30:345:38":24,"s:345:47:345:71":129,"s:348:2:348:Infinity":130,"f:348:30:348:38":25,"s:348:47:348:71":131,"s:349:2:349:Infinity":132,"f:349:32:349:40":26,"s:349:49:349:73":133,"s:352:33:352:35":134,"s:354:2:373:Infinity":135,"s:355:22:355:88":136,"f:355:32:355:37":27,"s:355:42:355:88":137,"b:355:42:355:66:355:66:355:88":57,"b:356:4:361:Infinity:undefined:undefined:undefined:undefined":58,"s:356:4:361:Infinity":138,"s:357:6:360:Infinity":139,"s:361:6:361:Infinity":140,"s:364:25:364:48":141,"b:364:25:364:46:364:46:364:48":59,"s:365:23:365:Infinity":142,"b:365:55:365:73:365:73:365:Infinity":60,"s:368:25:368:66":143,"s:369:27:369:55":144,"b:372:4:373:Infinity:undefined:undefined:undefined:undefined":61,"s:372:4:373:Infinity":145,"b:372:8:372:25:372:25:372:42":62,"s:373:6:373:Infinity":146,"b:378:2:384:Infinity:undefined:undefined:undefined:undefined":63,"s:378:2:384:Infinity":147,"s:379:18:379:Infinity":148,"s:380:22:380:Infinity":149,"b:380:36:380:46:380:46:380:Infinity":64,"s:381:8:384:Infinity":150,"s:389:2:392:Infinity":151,"f:391:20:391:27":28,"s:391:32:391:53":152,"f:401:9:401:28":29,"b:402:2:403:Infinity:undefined:undefined:undefined:undefined":65,"s:402:2:403:Infinity":153,"b:402:6:402:45:402:49:402:90":66,"s:403:4:403:Infinity":154,"b:405:2:406:Infinity:undefined:undefined:undefined:undefined":67,"s:405:2:406:Infinity":155,"b:405:6:405:51:405:55:405:102":68,"s:406:4:406:Infinity":156,"b:408:2:409:Infinity:undefined:undefined:undefined:undefined":69,"s:408:2:409:Infinity":157,"b:408:6:408:53:408:57:408:106":70,"s:409:4:409:Infinity":158,"s:411:2:411:Infinity":159,"f:422:22:422:45":30,"b:422:92:422:98":71,"s:423:21:423:87":160,"s:424:18:424:58":161,"s:426:2:432:Infinity":162,"b:429:16:429:42:429:42:429:Infinity":72}}}
,"/Users/paulgilchrist/Source/dnd-char-sheet/src/services/utils.js": {"path":"/Users/paulgilchrist/Source/dnd-char-sheet/src/services/utils.js","statementMap":{"0":{"start":{"line":1,"column":14},"end":{"line":25,"column":null}},"1":{"start":{"line":3,"column":8},"end":{"line":9,"column":null}},"2":{"start":{"line":4,"column":24},"end":{"line":4,"column":null}},"3":{"start":{"line":5,"column":24},"end":{"line":5,"column":null}},"4":{"start":{"line":6,"column":24},"end":{"line":6,"column":null}},"5":{"start":{"line":7,"column":24},"end":{"line":7,"column":null}},"6":{"start":{"line":8,"column":24},"end":{"line":8,"column":null}},"7":{"start":{"line":9,"column":24},"end":{"line":9,"column":null}},"8":{"start":{"line":13,"column":8},"end":{"line":14,"column":null}},"9":{"start":{"line":14,"column":12},"end":{"line":14,"column":null}},"10":{"start":{"line":16,"column":8},"end":{"line":16,"column":null}},"11":{"start":{"line":19,"column":2},"end":{"line":23,"column":null}},"12":{"start":{"line":21,"column":13},"end":{"line":21,"column":37}},"13":{"start":{"line":21,"column":41},"end":{"line":21,"column":null}},"14":{"start":{"line":22,"column":3},"end":{"line":22,"column":null}}},"fnMap":{"0":{"name":"(anonymous_0)","decl":{"start":{"line":2,"column":4},"end":{"line":2,"column":25}},"loc":{"start":{"line":2,"column":39},"end":{"line":9,"column":null}},"line":2},"1":{"name":"(anonymous_1)","decl":{"start":{"line":12,"column":4},"end":{"line":12,"column":19}},"loc":{"start":{"line":12,"column":32},"end":{"line":16,"column":null}},"line":12},"2":{"name":"(anonymous_2)","decl":{"start":{"line":18,"column":4},"end":{"line":18,"column":16}},"loc":{"start":{"line":18,"column":16},"end":{"line":23,"column":null}},"line":18},"3":{"name":"(anonymous_3)","decl":{"start":{"line":19,"column":65},"end":{"line":19,"column":74}},"loc":{"start":{"line":19,"column":77},"end":{"line":23,"column":null}},"line":19}},"branchMap":{"0":{"loc":{"start":{"line":3,"column":8},"end":{"line":9,"column":null}},"type":"switch","locations":[{"start":{"line":4,"column":12},"end":{"line":4,"column":null}},{"start":{"line":5,"column":12},"end":{"line":5,"column":null}},{"start":{"line":6,"column":12},"end":{"line":6,"column":null}},{"start":{"line":7,"column":12},"end":{"line":7,"column":null}},{"start":{"line":8,"column":12},"end":{"line":8,"column":null}},{"start":{"line":9,"column":12},"end":{"line":9,"column":null}}],"line":3},"1":{"loc":{"start":{"line":13,"column":8},"end":{"line":14,"column":null}},"type":"if","locations":[{"start":{"line":13,"column":8},"end":{"line":14,"column":null}},{"start":{},"end":{}}],"line":13},"2":{"loc":{"start":{"line":13,"column":12},"end":{"line":13,"column":55}},"type":"binary-expr","locations":[{"start":{"line":13,"column":12},"end":{"line":13,"column":25}},{"start":{"line":13,"column":25},"end":{"line":13,"column":55}}],"line":13},"3":{"loc":{"start":{"line":21,"column":41},"end":{"line":21,"column":null}},"type":"cond-expr","locations":[{"start":{"line":21,"column":53},"end":{"line":21,"column":58}},{"start":{"line":21,"column":58},"end":{"line":21,"column":null}}],"line":21}},"s":{"0":1,"1":9,"2":1,"3":1,"4":1,"5":1,"6":1,"7":1,"8":9,"9":6,"10":3,"11":104,"12":3224,"13":3224,"14":3224},"f":{"0":9,"1":9,"2":104,"3":3224},"b":{"0":[1,1,1,1,1,1],"1":[6,3],"2":[9,6],"3":[3120,104]},"meta":{"lastBranch":4,"lastFunction":4,"lastStatement":15,"seen":{"s:1:14:25:Infinity":0,"f:2:4:2:25":0,"b:4:12:4:Infinity:5:12:5:Infinity:6:12:6:Infinity:7:12:7:Infinity:8:12:8:Infinity:9:12:9:Infinity":0,"s:3:8:9:Infinity":1,"s:4:24:4:Infinity":2,"s:5:24:5:Infinity":3,"s:6:24:6:Infinity":4,"s:7:24:7:Infinity":5,"s:8:24:8:Infinity":6,"s:9:24:9:Infinity":7,"f:12:4:12:19":1,"b:13:8:14:Infinity:undefined:undefined:undefined:undefined":1,"s:13:8:14:Infinity":8,"b:13:12:13:25:13:25:13:55":2,"s:14:12:14:Infinity":9,"s:16:8:16:Infinity":10,"f:18:4:18:16":2,"s:19:2:23:Infinity":11,"f:19:65:19:74":3,"s:21:13:21:37":12,"s:21:41:21:Infinity":13,"b:21:53:21:58:21:58:21:Infinity":3,"s:22:3:22:Infinity":14}}}
}
